Log file open, 03/18/24 11:24:04
LogWindows: Failed to load 'aqProf.dll' (GetLastError=126)
LogWindows: File 'aqProf.dll' does not exist
LogWindows: Failed to load 'VtuneApi.dll' (GetLastError=126)
LogWindows: File 'VtuneApi.dll' does not exist
LogWindows: Failed to load 'VtuneApi32e.dll' (GetLastError=126)
LogWindows: File 'VtuneApi32e.dll' does not exist
LogConsoleResponse: Display: Failed to find resolution value strings in scalability ini. Falling back to default.
LogConsoleResponse: Display: Failed to find resolution value strings in scalability ini. Falling back to default.
LogInit: Display: Running engine for game: BallRunner
LogPlatformFile: Not using cached read wrapper
LogTaskGraph: Started task graph with 5 named threads and 11 total threads with 3 sets of task threads.
LogStats: Stats thread started at 0.972716
LogICUInternationalization: ICU TimeZone Detection - Raw Offset: +1:00, Platform Override: ''
LogInit: Display: Loading text-based GConfig....
LogPluginManager: Mounting plugin MeshPainting
LogPluginManager: Mounting plugin XGEController
LogPluginManager: Mounting plugin Paper2D
LogPluginManager: Mounting plugin EnvironmentQueryEditor
LogPluginManager: Mounting plugin AISupport
LogPluginManager: Mounting plugin LightPropagationVolume
LogPluginManager: Mounting plugin LiveLink
LogPluginManager: Mounting plugin CameraShakePreviewer
LogPluginManager: Mounting plugin GameplayCameras
LogPluginManager: Mounting plugin AnimationSharing
LogPluginManager: Mounting plugin CodeLiteSourceCodeAccess
LogPluginManager: Mounting plugin CLionSourceCodeAccess
LogPluginManager: Mounting plugin GitSourceControl
LogPluginManager: Mounting plugin KDevelopSourceCodeAccess
LogPluginManager: Mounting plugin NullSourceCodeAccess
LogPluginManager: Mounting plugin PerforceSourceControl
LogPluginManager: Mounting plugin PixWinPlugin
LogPluginManager: Mounting plugin PlasticSourceControl
LogPluginManager: Mounting plugin PluginUtils
LogPluginManager: Mounting plugin PropertyAccessNode
LogPluginManager: Mounting plugin RiderSourceCodeAccess
LogPluginManager: Mounting plugin SubversionSourceControl
LogPluginManager: Mounting plugin TextureFormatOodle
LogPluginManager: Mounting plugin UObjectPlugin
LogPluginManager: Mounting plugin VisualStudioCodeSourceCodeAccess
LogPluginManager: Mounting plugin VisualStudioSourceCodeAccess
LogPluginManager: Mounting plugin OodleData
LogPluginManager: Mounting plugin OodleNetwork
LogPluginManager: Mounting plugin XCodeSourceCodeAccess
LogPluginManager: Mounting plugin AssetManagerEditor
LogPluginManager: Mounting plugin CryptoKeys
LogPluginManager: Mounting plugin CurveEditorTools
LogPluginManager: Mounting plugin DataValidation
LogPluginManager: Mounting plugin FacialAnimation
LogPluginManager: Mounting plugin GameplayTagsEditor
LogPluginManager: Mounting plugin GeometryMode
LogPluginManager: Mounting plugin MacGraphicsSwitching
LogPluginManager: Mounting plugin MaterialAnalyzer
LogPluginManager: Mounting plugin MobileLauncherProfileWizard
LogPluginManager: Mounting plugin PluginBrowser
LogPluginManager: Mounting plugin SpeedTreeImporter
LogPluginManager: Mounting plugin DatasmithContent
LogPluginManager: Mounting plugin VariantManagerContent
LogPluginManager: Mounting plugin AlembicImporter
LogPluginManager: Mounting plugin AutomationUtils
LogPluginManager: Mounting plugin BackChannel
LogPluginManager: Mounting plugin ChaosCloth
LogPluginManager: Mounting plugin ChaosClothEditor
LogPluginManager: Mounting plugin ChaosEditor
LogPluginManager: Mounting plugin ChaosNiagara
LogPluginManager: Mounting plugin ChaosSolverPlugin
LogPluginManager: Mounting plugin CharacterAI
LogPluginManager: Mounting plugin GeometryCache
LogPluginManager: Mounting plugin GeometryCollectionPlugin
LogPluginManager: Mounting plugin Niagara
LogPluginManager: Mounting plugin GeometryProcessing
LogPluginManager: Mounting plugin MotoSynth
LogPluginManager: Mounting plugin OpenImageDenoise
LogPluginManager: Mounting plugin PlanarCut
LogPluginManager: Mounting plugin PlatformCrypto
LogPluginManager: Mounting plugin ProxyLODPlugin
LogPluginManager: Mounting plugin PythonScriptPlugin
LogPluginManager: Mounting plugin SkeletalReduction
LogPluginManager: Mounting plugin LuminPlatformFeatures
LogPluginManager: Mounting plugin MagicLeap
LogPluginManager: Mounting plugin MagicLeapLightEstimation
LogPluginManager: Mounting plugin MagicLeapMedia
LogPluginManager: Mounting plugin MagicLeapPassableWorld
LogPluginManager: Mounting plugin MLSDK
LogPluginManager: Mounting plugin AndroidMedia
LogPluginManager: Mounting plugin AvfMedia
LogPluginManager: Mounting plugin ImgMedia
LogPluginManager: Mounting plugin MediaCompositing
LogPluginManager: Mounting plugin MediaPlayerEditor
LogPluginManager: Mounting plugin WebMMedia
LogPluginManager: Mounting plugin WmfMedia
LogPluginManager: Mounting plugin TcpMessaging
LogPluginManager: Mounting plugin UdpMessaging
LogPluginManager: Mounting plugin ActorSequence
LogPluginManager: Mounting plugin LevelSequenceEditor
LogPluginManager: Mounting plugin MatineeToLevelSequence
LogPluginManager: Mounting plugin TemplateSequence
LogPluginManager: Mounting plugin OnlineSubsystem
LogPluginManager: Mounting plugin OnlineSubsystemNull
LogPluginManager: Mounting plugin OnlineSubsystemUtils
LogPluginManager: Mounting plugin LauncherChunkInstaller
LogPluginManager: Mounting plugin ActorLayerUtilities
LogPluginManager: Mounting plugin AndroidDeviceProfileSelector
LogPluginManager: Mounting plugin AndroidMoviePlayer
LogPluginManager: Mounting plugin AppleImageUtils
LogPluginManager: Mounting plugin AppleMoviePlayer
LogPluginManager: Mounting plugin ArchVisCharacter
LogPluginManager: Mounting plugin AssetTags
LogPluginManager: Mounting plugin AudioCapture
LogPluginManager: Mounting plugin AudioSynesthesia
LogPluginManager: Mounting plugin AndroidPermission
LogPluginManager: Mounting plugin CableComponent
LogPluginManager: Mounting plugin ChunkDownloader
LogPluginManager: Mounting plugin CustomMeshComponent
LogPluginManager: Mounting plugin EditableMesh
LogPluginManager: Mounting plugin ExampleDeviceProfileSelector
LogPluginManager: Mounting plugin GoogleCloudMessaging
LogPluginManager: Mounting plugin GooglePAD
LogPluginManager: Mounting plugin IOSDeviceProfileSelector
LogPluginManager: Mounting plugin LinuxDeviceProfileSelector
LogPluginManager: Mounting plugin LocationServicesBPLibrary
LogPluginManager: Mounting plugin MobilePatchingUtils
LogPluginManager: Mounting plugin OpenXR
LogPluginManager: Mounting plugin OpenXREyeTracker
LogPluginManager: Mounting plugin OpenXRHandTracking
LogPluginManager: Mounting plugin PhysXVehicles
LogPluginManager: Mounting plugin ScreenshotTools
LogPluginManager: Mounting plugin PostSplashScreen
LogPluginManager: Mounting plugin ProceduralMeshComponent
LogPluginManager: Mounting plugin PropertyAccessEditor
LogPluginManager: Mounting plugin RuntimePhysXCooking
LogPluginManager: Mounting plugin SignificanceManager
LogPluginManager: Mounting plugin SoundFields
LogPluginManager: Mounting plugin Synthesis
LogPluginManager: Mounting plugin WebMMoviePlayer
LogPluginManager: Mounting plugin WindowsMoviePlayer
LogPluginManager: Mounting plugin Takes
LogPluginManager: Mounting plugin ContentBrowserAssetDataSource
LogPluginManager: Mounting plugin ContentBrowserClassDataSource
LogPluginManager: Mounting plugin ContentBrowserFileDataSource
LogPluginManager: Mounting plugin OnlineSubsystemGooglePlay
LogPluginManager: Mounting plugin OnlineSubsystemIOS
LogPluginManager: Mounting plugin OculusVR
LogPluginManager: Mounting plugin SteamVR
PixWinPlugin: PIX capture plugin failed to initialize! Check that the process is launched from PIX.
LogInit: Using libcurl 7.55.1-DEV
LogInit:  - built for x86_64-pc-win32
LogInit:  - supports SSL with OpenSSL/1.1.1
LogInit:  - supports HTTP deflate (compression) using libz 1.2.8
LogInit:  - other features:
LogInit:      CURL_VERSION_SSL
LogInit:      CURL_VERSION_LIBZ
LogInit:      CURL_VERSION_IPV6
LogInit:      CURL_VERSION_ASYNCHDNS
LogInit:      CURL_VERSION_LARGEFILE
LogInit:      CURL_VERSION_IDN
LogInit:  CurlRequestOptions (configurable via config and command line):
LogInit:  - bVerifyPeer = true  - Libcurl will verify peer certificate
LogInit:  - bUseHttpProxy = false  - Libcurl will NOT use HTTP proxy
LogInit:  - bDontReuseConnections = false  - Libcurl will reuse connections
LogInit:  - MaxHostConnections = 16  - Libcurl will limit the number of connections to a host
LogInit:  - LocalHostAddr = Default
LogInit:  - BufferSize = 65536
LogOnline: OSS: Creating online subsystem instance for: NULL
LogInit: WinSock: version 1.1 (2.2), MaxSocks=32767, MaxUdp=65467
LogOnline: OSS: TryLoadSubsystemAndSetDefault: Loaded subsystem for module [NULL]
LogOculusPluginWrapper: OculusPlugin initialized successfully
LogHMD: Failed initializing OVRPlugin 1.59.0
LogInit: Build: ++UE4+Release-4.27-CL-18319896
LogInit: Engine Version: 4.27.2-18319896+++UE4+Release-4.27
LogInit: Compatible Engine Version: 4.27.0-17155196+++UE4+Release-4.27
LogInit: Net CL: 17155196
LogInit: OS: Windows 10 (Release 2009) (), CPU: Intel(R) Core(TM) i3-4030U CPU @ 1.90GHz, GPU: Intel(R) HD Graphics Family
LogInit: Compiled (64-bit): Nov 30 2021 07:12:08
LogInit: Compiled with Visual C++: 19.24.28315.00
LogInit: Build Configuration: Development
LogInit: Branch Name: ++UE4+Release-4.27
LogInit: Command Line: 
LogInit: Base Directory: C:/Program Files/Epic Games/UE_4.27/Engine/Binaries/Win64/
LogInit: Allocator: TBB
LogInit: Installed Engine Build: 1
LogDevObjectVersion: Number of dev versions registered: 29
LogDevObjectVersion:   Dev-Blueprints (B0D832E4-1F89-4F0D-ACCF-7EB736FD4AA2): 10
LogDevObjectVersion:   Dev-Build (E1C64328-A22C-4D53-A36C-8E866417BD8C): 0
LogDevObjectVersion:   Dev-Core (375EC13C-06E4-48FB-B500-84F0262A717E): 4
LogDevObjectVersion:   Dev-Editor (E4B068ED-F494-42E9-A231-DA0B2E46BB41): 40
LogDevObjectVersion:   Dev-Framework (CFFC743F-43B0-4480-9391-14DF171D2073): 37
LogDevObjectVersion:   Dev-Mobile (B02B49B5-BB20-44E9-A304-32B752E40360): 3
LogDevObjectVersion:   Dev-Networking (A4E4105C-59A1-49B5-A7C5-40C4547EDFEE): 0
LogDevObjectVersion:   Dev-Online (39C831C9-5AE6-47DC-9A44-9C173E1C8E7C): 0
LogDevObjectVersion:   Dev-Physics (78F01B33-EBEA-4F98-B9B4-84EACCB95AA2): 14
LogDevObjectVersion:   Dev-Platform (6631380F-2D4D-43E0-8009-CF276956A95A): 0
LogDevObjectVersion:   Dev-Rendering (12F88B9F-8875-4AFC-A67C-D90C383ABD29): 45
LogDevObjectVersion:   Dev-Sequencer (7B5AE74C-D270-4C10-A958-57980B212A5A): 13
LogDevObjectVersion:   Dev-VR (D7296918-1DD6-4BDD-9DE2-64A83CC13884): 3
LogDevObjectVersion:   Dev-LoadTimes (C2A15278-BFE7-4AFE-6C17-90FF531DF755): 1
LogDevObjectVersion:   Private-Geometry (6EACA3D4-40EC-4CC1-B786-8BED09428FC5): 3
LogDevObjectVersion:   Dev-AnimPhys (29E575DD-E0A3-4627-9D10-D276232CDCEA): 17
LogDevObjectVersion:   Dev-Anim (AF43A65D-7FD3-4947-9873-3E8ED9C1BB05): 15
LogDevObjectVersion:   Dev-ReflectionCapture (6B266CEC-1EC7-4B8F-A30B-E4D90942FC07): 1
LogDevObjectVersion:   Dev-Automation (0DF73D61-A23F-47EA-B727-89E90C41499A): 1
LogDevObjectVersion:   FortniteMain (601D1886-AC64-4F84-AA16-D3DE0DEAC7D6): 47
LogDevObjectVersion:   FortniteRelease (E7086368-6B23-4C58-8439-1B7016265E91): 1
LogDevObjectVersion:   Dev-Enterprise (9DFFBCD6-494F-0158-E221-12823C92A888): 10
LogDevObjectVersion:   Dev-Niagara (F2AED0AC-9AFE-416F-8664-AA7FFA26D6FC): 1
LogDevObjectVersion:   Dev-Destruction (174F1F0B-B4C6-45A5-B13F-2EE8D0FB917D): 10
LogDevObjectVersion:   Dev-Physics-Ext (35F94A83-E258-406C-A318-09F59610247C): 41
LogDevObjectVersion:   Dev-PhysicsMaterial-Chaos (B68FC16E-8B1B-42E2-B453-215C058844FE): 1
LogDevObjectVersion:   Dev-CineCamera (B2E18506-4273-CFC2-A54E-F4BB758BBA07): 1
LogDevObjectVersion:   Dev-VirtualProduction (64F58936-FD1B-42BA-BA96-7289D5D0FA4E): 1
LogDevObjectVersion:   Dev-MediaFramework (6F0ED827-A609-4895-9C91-998D90180EA4): 2
LogInit: Presizing for max 25165824 objects, including 0 objects not considered by GC, pre-allocating 0 bytes for permanent pool.
LogConfig: Applying CVar settings from Section [/Script/Engine.StreamingSettings] File [C:/Users/klaud/Documents/GitHub/BallRunner/BallRunner/Saved/Config/Windows/Engine.ini]
LogConfig: Setting CVar [[s.MinBulkDataSizeForAsyncLoading:131072]]
LogConfig: Setting CVar [[s.AsyncLoadingThreadEnabled:0]]
LogConfig: Setting CVar [[s.EventDrivenLoaderEnabled:1]]
LogConfig: Setting CVar [[s.WarnIfTimeLimitExceeded:0]]
LogConfig: Setting CVar [[s.TimeLimitExceededMultiplier:1.5]]
LogConfig: Setting CVar [[s.TimeLimitExceededMinTime:0.005]]
LogConfig: Setting CVar [[s.UseBackgroundLevelStreaming:1]]
LogConfig: Setting CVar [[s.PriorityAsyncLoadingExtraTime:15.0]]
LogConfig: Setting CVar [[s.LevelStreamingActorsUpdateTimeLimit:5.0]]
LogConfig: Setting CVar [[s.PriorityLevelStreamingActorsUpdateExtraTime:5.0]]
LogConfig: Setting CVar [[s.LevelStreamingComponentsRegistrationGranularity:10]]
LogConfig: Setting CVar [[s.UnregisterComponentsTimeLimit:1.0]]
LogConfig: Setting CVar [[s.LevelStreamingComponentsUnregistrationGranularity:5]]
LogConfig: Setting CVar [[s.FlushStreamingOnExit:1]]
LogInit: Object subsystem initialized
LogConfig: Setting CVar [[con.DebugEarlyDefault:1]]
LogConfig: Setting CVar [[r.setres:1280x720]]
[2024.03.18-10.24.06:197][  0]LogConfig: Setting CVar [[r.VSync:0]]
[2024.03.18-10.24.06:197][  0]LogConfig: Setting CVar [[r.RHICmdBypass:0]]
[2024.03.18-10.24.06:197][  0]LogConfig: Applying CVar settings from Section [/Script/Engine.RendererSettings] File [C:/Users/klaud/Documents/GitHub/BallRunner/BallRunner/Saved/Config/Windows/Engine.ini]
[2024.03.18-10.24.06:197][  0]LogConfig: Setting CVar [[r.GPUCrashDebugging:0]]
[2024.03.18-10.24.06:197][  0]LogConfig: Applying CVar settings from Section [/Script/Engine.RendererOverrideSettings] File [C:/Users/klaud/Documents/GitHub/BallRunner/BallRunner/Saved/Config/Windows/Engine.ini]
[2024.03.18-10.24.06:197][  0]LogConfig: Applying CVar settings from Section [/Script/Engine.StreamingSettings] File [C:/Users/klaud/Documents/GitHub/BallRunner/BallRunner/Saved/Config/Windows/Engine.ini]
[2024.03.18-10.24.06:197][  0]LogConfig: Setting CVar [[s.MinBulkDataSizeForAsyncLoading:131072]]
[2024.03.18-10.24.06:197][  0]LogConfig: Setting CVar [[s.AsyncLoadingThreadEnabled:0]]
[2024.03.18-10.24.06:197][  0]LogConfig: Setting CVar [[s.EventDrivenLoaderEnabled:1]]
[2024.03.18-10.24.06:197][  0]LogConfig: Setting CVar [[s.WarnIfTimeLimitExceeded:0]]
[2024.03.18-10.24.06:197][  0]LogConfig: Setting CVar [[s.TimeLimitExceededMultiplier:1.5]]
[2024.03.18-10.24.06:197][  0]LogConfig: Setting CVar [[s.TimeLimitExceededMinTime:0.005]]
[2024.03.18-10.24.06:197][  0]LogConfig: Setting CVar [[s.UseBackgroundLevelStreaming:1]]
[2024.03.18-10.24.06:197][  0]LogConfig: Setting CVar [[s.PriorityAsyncLoadingExtraTime:15.0]]
[2024.03.18-10.24.06:197][  0]LogConfig: Setting CVar [[s.LevelStreamingActorsUpdateTimeLimit:5.0]]
[2024.03.18-10.24.06:197][  0]LogConfig: Setting CVar [[s.PriorityLevelStreamingActorsUpdateExtraTime:5.0]]
[2024.03.18-10.24.06:197][  0]LogConfig: Setting CVar [[s.LevelStreamingComponentsRegistrationGranularity:10]]
[2024.03.18-10.24.06:197][  0]LogConfig: Setting CVar [[s.UnregisterComponentsTimeLimit:1.0]]
[2024.03.18-10.24.06:197][  0]LogConfig: Setting CVar [[s.LevelStreamingComponentsUnregistrationGranularity:5]]
[2024.03.18-10.24.06:197][  0]LogConfig: Setting CVar [[s.FlushStreamingOnExit:1]]
[2024.03.18-10.24.06:197][  0]LogConfig: Applying CVar settings from Section [/Script/Engine.GarbageCollectionSettings] File [C:/Users/klaud/Documents/GitHub/BallRunner/BallRunner/Saved/Config/Windows/Engine.ini]
[2024.03.18-10.24.06:197][  0]LogConfig: Setting CVar [[gc.MaxObjectsNotConsideredByGC:1]]
[2024.03.18-10.24.06:197][  0]LogConfig: Setting CVar [[gc.SizeOfPermanentObjectPool:0]]
[2024.03.18-10.24.06:197][  0]LogConfig: Setting CVar [[gc.FlushStreamingOnGC:0]]
[2024.03.18-10.24.06:197][  0]LogConfig: Setting CVar [[gc.NumRetriesBeforeForcingGC:10]]
[2024.03.18-10.24.06:197][  0]LogConfig: Setting CVar [[gc.AllowParallelGC:1]]
[2024.03.18-10.24.06:197][  0]LogConfig: Setting CVar [[gc.TimeBetweenPurgingPendingKillObjects:61.1]]
[2024.03.18-10.24.06:197][  0]LogConfig: Setting CVar [[gc.MaxObjectsInEditor:25165824]]
[2024.03.18-10.24.06:197][  0]LogConfig: Setting CVar [[gc.IncrementalBeginDestroyEnabled:1]]
[2024.03.18-10.24.06:197][  0]LogConfig: Setting CVar [[gc.CreateGCClusters:1]]
[2024.03.18-10.24.06:197][  0]LogConfig: Setting CVar [[gc.MinGCClusterSize:5]]
[2024.03.18-10.24.06:197][  0]LogConfig: Setting CVar [[gc.ActorClusteringEnabled:0]]
[2024.03.18-10.24.06:197][  0]LogConfig: Setting CVar [[gc.BlueprintClusteringEnabled:0]]
[2024.03.18-10.24.06:197][  0]LogConfig: Setting CVar [[gc.UseDisregardForGCOnDedicatedServers:0]]
[2024.03.18-10.24.06:197][  0]LogConfig: Setting CVar [[gc.MultithreadedDestructionEnabled:1]]
[2024.03.18-10.24.06:197][  0]LogConfig: Applying CVar settings from Section [/Script/Engine.NetworkSettings] File [C:/Users/klaud/Documents/GitHub/BallRunner/BallRunner/Saved/Config/Windows/Engine.ini]
[2024.03.18-10.24.06:197][  0]LogConfig: Applying CVar settings from Section [/Script/UnrealEd.CookerSettings] File [C:/Users/klaud/Documents/GitHub/BallRunner/BallRunner/Saved/Config/Windows/Engine.ini]
[2024.03.18-10.24.06:264][  0]LogConfig: Applying CVar settings from Section [ViewDistanceQuality@3] File [C:/Users/klaud/Documents/GitHub/BallRunner/BallRunner/Saved/Config/Windows/Scalability.ini]
[2024.03.18-10.24.06:264][  0]LogConfig: Setting CVar [[r.SkeletalMeshLODBias:0]]
[2024.03.18-10.24.06:264][  0]LogConfig: Setting CVar [[r.ViewDistanceScale:1.0]]
[2024.03.18-10.24.06:264][  0]LogConfig: Applying CVar settings from Section [AntiAliasingQuality@3] File [C:/Users/klaud/Documents/GitHub/BallRunner/BallRunner/Saved/Config/Windows/Scalability.ini]
[2024.03.18-10.24.06:264][  0]LogConfig: Setting CVar [[r.PostProcessAAQuality:4]]
[2024.03.18-10.24.06:264][  0]LogConfig: Applying CVar settings from Section [ShadowQuality@3] File [C:/Users/klaud/Documents/GitHub/BallRunner/BallRunner/Saved/Config/Windows/Scalability.ini]
[2024.03.18-10.24.06:264][  0]LogConfig: Setting CVar [[r.LightFunctionQuality:1]]
[2024.03.18-10.24.06:264][  0]LogConfig: Setting CVar [[r.ShadowQuality:5]]
[2024.03.18-10.24.06:264][  0]LogConfig: Setting CVar [[r.Shadow.CSM.MaxCascades:10]]
[2024.03.18-10.24.06:265][  0]LogConfig: Setting CVar [[r.Shadow.MaxResolution:2048]]
[2024.03.18-10.24.06:265][  0]LogConfig: Setting CVar [[r.Shadow.MaxCSMResolution:2048]]
[2024.03.18-10.24.06:265][  0]LogConfig: Setting CVar [[r.Shadow.RadiusThreshold:0.01]]
[2024.03.18-10.24.06:265][  0]LogConfig: Setting CVar [[r.Shadow.DistanceScale:1.0]]
[2024.03.18-10.24.06:265][  0]LogConfig: Setting CVar [[r.Shadow.CSM.TransitionScale:1.0]]
[2024.03.18-10.24.06:265][  0]LogConfig: Setting CVar [[r.Shadow.PreShadowResolutionFactor:1.0]]
[2024.03.18-10.24.06:265][  0]LogConfig: Setting CVar [[r.DistanceFieldShadowing:1]]
[2024.03.18-10.24.06:265][  0]LogConfig: Setting CVar [[r.DistanceFieldAO:1]]
[2024.03.18-10.24.06:265][  0]LogConfig: Setting CVar [[r.AOQuality:2]]
[2024.03.18-10.24.06:265][  0]LogConfig: Setting CVar [[r.VolumetricFog:1]]
[2024.03.18-10.24.06:265][  0]LogConfig: Setting CVar [[r.VolumetricFog.GridPixelSize:8]]
[2024.03.18-10.24.06:265][  0]LogConfig: Setting CVar [[r.VolumetricFog.GridSizeZ:128]]
[2024.03.18-10.24.06:265][  0]LogConfig: Setting CVar [[r.VolumetricFog.HistoryMissSupersampleCount:4]]
[2024.03.18-10.24.06:265][  0]LogConfig: Setting CVar [[r.LightMaxDrawDistanceScale:1]]
[2024.03.18-10.24.06:265][  0]LogConfig: Setting CVar [[r.CapsuleShadows:1]]
[2024.03.18-10.24.06:265][  0]LogConfig: Applying CVar settings from Section [PostProcessQuality@3] File [C:/Users/klaud/Documents/GitHub/BallRunner/BallRunner/Saved/Config/Windows/Scalability.ini]
[2024.03.18-10.24.06:265][  0]LogConfig: Setting CVar [[r.MotionBlurQuality:4]]
[2024.03.18-10.24.06:265][  0]LogConfig: Setting CVar [[r.AmbientOcclusionMipLevelFactor:0.4]]
[2024.03.18-10.24.06:265][  0]LogConfig: Setting CVar [[r.AmbientOcclusionMaxQuality:100]]
[2024.03.18-10.24.06:265][  0]LogConfig: Setting CVar [[r.AmbientOcclusionLevels:-1]]
[2024.03.18-10.24.06:265][  0]LogConfig: Setting CVar [[r.AmbientOcclusionRadiusScale:1.0]]
[2024.03.18-10.24.06:265][  0]LogConfig: Setting CVar [[r.DepthOfFieldQuality:2]]
[2024.03.18-10.24.06:265][  0]LogConfig: Setting CVar [[r.RenderTargetPoolMin:400]]
[2024.03.18-10.24.06:265][  0]LogConfig: Setting CVar [[r.LensFlareQuality:2]]
[2024.03.18-10.24.06:265][  0]LogConfig: Setting CVar [[r.SceneColorFringeQuality:1]]
[2024.03.18-10.24.06:265][  0]LogConfig: Setting CVar [[r.EyeAdaptationQuality:2]]
[2024.03.18-10.24.06:265][  0]LogConfig: Setting CVar [[r.BloomQuality:5]]
[2024.03.18-10.24.06:265][  0]LogConfig: Setting CVar [[r.FastBlurThreshold:100]]
[2024.03.18-10.24.06:265][  0]LogConfig: Setting CVar [[r.Upscale.Quality:3]]
[2024.03.18-10.24.06:265][  0]LogConfig: Setting CVar [[r.Tonemapper.GrainQuantization:1]]
[2024.03.18-10.24.06:265][  0]LogConfig: Setting CVar [[r.LightShaftQuality:1]]
[2024.03.18-10.24.06:265][  0]LogConfig: Setting CVar [[r.Filter.SizeScale:1]]
[2024.03.18-10.24.06:265][  0]LogConfig: Setting CVar [[r.Tonemapper.Quality:5]]
[2024.03.18-10.24.06:265][  0]LogConfig: Setting CVar [[r.DOF.Gather.AccumulatorQuality:1        ; higher gathering accumulator quality]]
[2024.03.18-10.24.06:265][  0]LogConfig: Setting CVar [[r.DOF.Gather.PostfilterMethod:1          ; Median3x3 postfilering method]]
[2024.03.18-10.24.06:265][  0]LogConfig: Setting CVar [[r.DOF.Gather.EnableBokehSettings:0       ; no bokeh simulation when gathering]]
[2024.03.18-10.24.06:265][  0]LogConfig: Setting CVar [[r.DOF.Gather.RingCount:4                 ; medium number of samples when gathering]]
[2024.03.18-10.24.06:265][  0]LogConfig: Setting CVar [[r.DOF.Scatter.ForegroundCompositing:1    ; additive foreground scattering]]
[2024.03.18-10.24.06:265][  0]LogConfig: Setting CVar [[r.DOF.Scatter.BackgroundCompositing:2    ; additive background scattering]]
[2024.03.18-10.24.06:265][  0]LogConfig: Setting CVar [[r.DOF.Scatter.EnableBokehSettings:1      ; bokeh simulation when scattering]]
[2024.03.18-10.24.06:265][  0]LogConfig: Setting CVar [[r.DOF.Scatter.MaxSpriteRatio:0.1         ; only a maximum of 10% of scattered bokeh]]
[2024.03.18-10.24.06:265][  0]LogConfig: Setting CVar [[r.DOF.Recombine.Quality:1                ; cheap slight out of focus]]
[2024.03.18-10.24.06:266][  0]LogConfig: Setting CVar [[r.DOF.Recombine.EnableBokehSettings:0    ; no bokeh simulation on slight out of focus]]
[2024.03.18-10.24.06:266][  0]LogConfig: Setting CVar [[r.DOF.TemporalAAQuality:1                ; more stable temporal accumulation]]
[2024.03.18-10.24.06:266][  0]LogConfig: Setting CVar [[r.DOF.Kernel.MaxForegroundRadius:0.025]]
[2024.03.18-10.24.06:266][  0]LogConfig: Setting CVar [[r.DOF.Kernel.MaxBackgroundRadius:0.025]]
[2024.03.18-10.24.06:266][  0]LogConfig: Applying CVar settings from Section [TextureQuality@3] File [C:/Users/klaud/Documents/GitHub/BallRunner/BallRunner/Saved/Config/Windows/Scalability.ini]
[2024.03.18-10.24.06:266][  0]LogConfig: Setting CVar [[r.Streaming.MipBias:0]]
[2024.03.18-10.24.06:266][  0]LogConfig: Setting CVar [[r.Streaming.AmortizeCPUToGPUCopy:0]]
[2024.03.18-10.24.06:266][  0]LogConfig: Setting CVar [[r.Streaming.MaxNumTexturesToStreamPerFrame:0]]
[2024.03.18-10.24.06:266][  0]LogConfig: Setting CVar [[r.Streaming.Boost:1]]
[2024.03.18-10.24.06:266][  0]LogConfig: Setting CVar [[r.MaxAnisotropy:8]]
[2024.03.18-10.24.06:266][  0]LogConfig: Setting CVar [[r.VT.MaxAnisotropy:8]]
[2024.03.18-10.24.06:266][  0]LogConfig: Setting CVar [[r.Streaming.LimitPoolSizeToVRAM:0]]
[2024.03.18-10.24.06:266][  0]LogConfig: Setting CVar [[r.Streaming.PoolSize:1000]]
[2024.03.18-10.24.06:266][  0]LogConfig: Setting CVar [[r.Streaming.MaxEffectiveScreenSize:0]]
[2024.03.18-10.24.06:266][  0]LogConfig: Applying CVar settings from Section [EffectsQuality@3] File [C:/Users/klaud/Documents/GitHub/BallRunner/BallRunner/Saved/Config/Windows/Scalability.ini]
[2024.03.18-10.24.06:266][  0]LogConfig: Setting CVar [[r.TranslucencyLightingVolumeDim:64]]
[2024.03.18-10.24.06:266][  0]LogConfig: Setting CVar [[r.RefractionQuality:2]]
[2024.03.18-10.24.06:266][  0]LogConfig: Setting CVar [[r.SSR.Quality:3]]
[2024.03.18-10.24.06:266][  0]LogConfig: Setting CVar [[r.SSR.HalfResSceneColor:0]]
[2024.03.18-10.24.06:266][  0]LogConfig: Setting CVar [[r.SceneColorFormat:4]]
[2024.03.18-10.24.06:266][  0]LogConfig: Setting CVar [[r.DetailMode:2]]
[2024.03.18-10.24.06:266][  0]LogConfig: Setting CVar [[r.TranslucencyVolumeBlur:1]]
[2024.03.18-10.24.06:266][  0]LogConfig: Setting CVar [[r.MaterialQualityLevel:1 ; High quality]]
[2024.03.18-10.24.06:266][  0]LogConfig: Setting CVar [[r.AnisotropicMaterials:1]]
[2024.03.18-10.24.06:266][  0]LogConfig: Setting CVar [[r.SSS.Scale:1]]
[2024.03.18-10.24.06:266][  0]LogConfig: Setting CVar [[r.SSS.SampleSet:2]]
[2024.03.18-10.24.06:266][  0]LogConfig: Setting CVar [[r.SSS.Quality:1]]
[2024.03.18-10.24.06:266][  0]LogConfig: Setting CVar [[r.SSS.HalfRes:0]]
[2024.03.18-10.24.06:266][  0]LogConfig: Setting CVar [[r.SSGI.Quality:3]]
[2024.03.18-10.24.06:266][  0]LogConfig: Setting CVar [[r.EmitterSpawnRateScale:1.0]]
[2024.03.18-10.24.06:266][  0]LogConfig: Setting CVar [[r.ParticleLightQuality:2]]
[2024.03.18-10.24.06:266][  0]LogConfig: Setting CVar [[r.SkyAtmosphere.AerialPerspectiveLUT.FastApplyOnOpaque:1 ; Always have FastSkyLUT 1 in this case to avoid wrong sky]]
[2024.03.18-10.24.06:266][  0]LogConfig: Setting CVar [[r.SkyAtmosphere.AerialPerspectiveLUT.SampleCountMaxPerSlice:4]]
[2024.03.18-10.24.06:266][  0]LogConfig: Setting CVar [[r.SkyAtmosphere.AerialPerspectiveLUT.DepthResolution:16.0]]
[2024.03.18-10.24.06:266][  0]LogConfig: Setting CVar [[r.SkyAtmosphere.FastSkyLUT:1]]
[2024.03.18-10.24.06:266][  0]LogConfig: Setting CVar [[r.SkyAtmosphere.FastSkyLUT.SampleCountMin:4.0]]
[2024.03.18-10.24.06:266][  0]LogConfig: Setting CVar [[r.SkyAtmosphere.FastSkyLUT.SampleCountMax:128.0]]
[2024.03.18-10.24.06:266][  0]LogConfig: Setting CVar [[r.SkyAtmosphere.SampleCountMin:4.0]]
[2024.03.18-10.24.06:266][  0]LogConfig: Setting CVar [[r.SkyAtmosphere.SampleCountMax:128.0]]
[2024.03.18-10.24.06:266][  0]LogConfig: Setting CVar [[r.SkyAtmosphere.TransmittanceLUT.UseSmallFormat:0]]
[2024.03.18-10.24.06:266][  0]LogConfig: Setting CVar [[r.SkyAtmosphere.TransmittanceLUT.SampleCount:10.0]]
[2024.03.18-10.24.06:267][  0]LogConfig: Setting CVar [[r.SkyAtmosphere.MultiScatteringLUT.SampleCount:15.0]]
[2024.03.18-10.24.06:267][  0]LogConfig: Setting CVar [[r.SkyLight.RealTimeReflectionCapture:1]]
[2024.03.18-10.24.06:267][  0]LogConfig: Applying CVar settings from Section [FoliageQuality@3] File [C:/Users/klaud/Documents/GitHub/BallRunner/BallRunner/Saved/Config/Windows/Scalability.ini]
[2024.03.18-10.24.06:267][  0]LogConfig: Setting CVar [[foliage.DensityScale:1.0]]
[2024.03.18-10.24.06:267][  0]LogConfig: Setting CVar [[grass.DensityScale:1.0]]
[2024.03.18-10.24.06:267][  0]LogConfig: Applying CVar settings from Section [ShadingQuality@3] File [C:/Users/klaud/Documents/GitHub/BallRunner/BallRunner/Saved/Config/Windows/Scalability.ini]
[2024.03.18-10.24.06:267][  0]LogConfig: Setting CVar [[r.HairStrands.SkyLighting.IntegrationType:2]]
[2024.03.18-10.24.06:267][  0]LogConfig: Setting CVar [[r.HairStrands.SkyAO.SampleCount:4]]
[2024.03.18-10.24.06:267][  0]LogConfig: Setting CVar [[r.HairStrands.Visibility.MSAA.SamplePerPixel:4]]
[2024.03.18-10.24.06:267][  0]LogInit: Selected Device Profile: [Windows]
[2024.03.18-10.24.06:267][  0]LogInit: Applying CVar settings loaded from the selected device profile: [Windows]
[2024.03.18-10.24.06:267][  0]LogHAL: Display: Platform has ~ 8 GB [8506531840 / 8589934592 / 8], which maps to Default [LargestMinGB=32, LargerMinGB=12, DefaultMinGB=8, SmallerMinGB=6, SmallestMinGB=0)
[2024.03.18-10.24.06:267][  0]LogInit: Going up to parent DeviceProfile []
[2024.03.18-10.24.06:267][  0]LogConfig: Applying CVar settings from Section [ViewDistanceQuality@3] File [C:/Users/klaud/Documents/GitHub/BallRunner/BallRunner/Saved/Config/Windows/Scalability.ini]
[2024.03.18-10.24.06:267][  0]LogConfig: Setting CVar [[r.SkeletalMeshLODBias:0]]
[2024.03.18-10.24.06:267][  0]LogConfig: Setting CVar [[r.ViewDistanceScale:1.0]]
[2024.03.18-10.24.06:267][  0]LogConfig: Applying CVar settings from Section [AntiAliasingQuality@3] File [C:/Users/klaud/Documents/GitHub/BallRunner/BallRunner/Saved/Config/Windows/Scalability.ini]
[2024.03.18-10.24.06:267][  0]LogConfig: Setting CVar [[r.PostProcessAAQuality:4]]
[2024.03.18-10.24.06:267][  0]LogConfig: Applying CVar settings from Section [ShadowQuality@3] File [C:/Users/klaud/Documents/GitHub/BallRunner/BallRunner/Saved/Config/Windows/Scalability.ini]
[2024.03.18-10.24.06:267][  0]LogConfig: Setting CVar [[r.LightFunctionQuality:1]]
[2024.03.18-10.24.06:267][  0]LogConfig: Setting CVar [[r.ShadowQuality:5]]
[2024.03.18-10.24.06:267][  0]LogConfig: Setting CVar [[r.Shadow.CSM.MaxCascades:10]]
[2024.03.18-10.24.06:267][  0]LogConfig: Setting CVar [[r.Shadow.MaxResolution:2048]]
[2024.03.18-10.24.06:267][  0]LogConfig: Setting CVar [[r.Shadow.MaxCSMResolution:2048]]
[2024.03.18-10.24.06:267][  0]LogConfig: Setting CVar [[r.Shadow.RadiusThreshold:0.01]]
[2024.03.18-10.24.06:267][  0]LogConfig: Setting CVar [[r.Shadow.DistanceScale:1.0]]
[2024.03.18-10.24.06:267][  0]LogConfig: Setting CVar [[r.Shadow.CSM.TransitionScale:1.0]]
[2024.03.18-10.24.06:267][  0]LogConfig: Setting CVar [[r.Shadow.PreShadowResolutionFactor:1.0]]
[2024.03.18-10.24.06:267][  0]LogConfig: Setting CVar [[r.DistanceFieldShadowing:1]]
[2024.03.18-10.24.06:267][  0]LogConfig: Setting CVar [[r.DistanceFieldAO:1]]
[2024.03.18-10.24.06:267][  0]LogConfig: Setting CVar [[r.AOQuality:2]]
[2024.03.18-10.24.06:267][  0]LogConfig: Setting CVar [[r.VolumetricFog:1]]
[2024.03.18-10.24.06:267][  0]LogConfig: Setting CVar [[r.VolumetricFog.GridPixelSize:8]]
[2024.03.18-10.24.06:267][  0]LogConfig: Setting CVar [[r.VolumetricFog.GridSizeZ:128]]
[2024.03.18-10.24.06:267][  0]LogConfig: Setting CVar [[r.VolumetricFog.HistoryMissSupersampleCount:4]]
[2024.03.18-10.24.06:267][  0]LogConfig: Setting CVar [[r.LightMaxDrawDistanceScale:1]]
[2024.03.18-10.24.06:268][  0]LogConfig: Setting CVar [[r.CapsuleShadows:1]]
[2024.03.18-10.24.06:268][  0]LogConfig: Applying CVar settings from Section [PostProcessQuality@3] File [C:/Users/klaud/Documents/GitHub/BallRunner/BallRunner/Saved/Config/Windows/Scalability.ini]
[2024.03.18-10.24.06:268][  0]LogConfig: Setting CVar [[r.MotionBlurQuality:4]]
[2024.03.18-10.24.06:268][  0]LogConfig: Setting CVar [[r.AmbientOcclusionMipLevelFactor:0.4]]
[2024.03.18-10.24.06:268][  0]LogConfig: Setting CVar [[r.AmbientOcclusionMaxQuality:100]]
[2024.03.18-10.24.06:268][  0]LogConfig: Setting CVar [[r.AmbientOcclusionLevels:-1]]
[2024.03.18-10.24.06:268][  0]LogConfig: Setting CVar [[r.AmbientOcclusionRadiusScale:1.0]]
[2024.03.18-10.24.06:268][  0]LogConfig: Setting CVar [[r.DepthOfFieldQuality:2]]
[2024.03.18-10.24.06:268][  0]LogConfig: Setting CVar [[r.RenderTargetPoolMin:400]]
[2024.03.18-10.24.06:268][  0]LogConfig: Setting CVar [[r.LensFlareQuality:2]]
[2024.03.18-10.24.06:268][  0]LogConfig: Setting CVar [[r.SceneColorFringeQuality:1]]
[2024.03.18-10.24.06:268][  0]LogConfig: Setting CVar [[r.EyeAdaptationQuality:2]]
[2024.03.18-10.24.06:268][  0]LogConfig: Setting CVar [[r.BloomQuality:5]]
[2024.03.18-10.24.06:268][  0]LogConfig: Setting CVar [[r.FastBlurThreshold:100]]
[2024.03.18-10.24.06:268][  0]LogConfig: Setting CVar [[r.Upscale.Quality:3]]
[2024.03.18-10.24.06:268][  0]LogConfig: Setting CVar [[r.Tonemapper.GrainQuantization:1]]
[2024.03.18-10.24.06:268][  0]LogConfig: Setting CVar [[r.LightShaftQuality:1]]
[2024.03.18-10.24.06:268][  0]LogConfig: Setting CVar [[r.Filter.SizeScale:1]]
[2024.03.18-10.24.06:268][  0]LogConfig: Setting CVar [[r.Tonemapper.Quality:5]]
[2024.03.18-10.24.06:268][  0]LogConfig: Setting CVar [[r.DOF.Gather.AccumulatorQuality:1        ; higher gathering accumulator quality]]
[2024.03.18-10.24.06:268][  0]LogConfig: Setting CVar [[r.DOF.Gather.PostfilterMethod:1          ; Median3x3 postfilering method]]
[2024.03.18-10.24.06:268][  0]LogConfig: Setting CVar [[r.DOF.Gather.EnableBokehSettings:0       ; no bokeh simulation when gathering]]
[2024.03.18-10.24.06:268][  0]LogConfig: Setting CVar [[r.DOF.Gather.RingCount:4                 ; medium number of samples when gathering]]
[2024.03.18-10.24.06:268][  0]LogConfig: Setting CVar [[r.DOF.Scatter.ForegroundCompositing:1    ; additive foreground scattering]]
[2024.03.18-10.24.06:268][  0]LogConfig: Setting CVar [[r.DOF.Scatter.BackgroundCompositing:2    ; additive background scattering]]
[2024.03.18-10.24.06:268][  0]LogConfig: Setting CVar [[r.DOF.Scatter.EnableBokehSettings:1      ; bokeh simulation when scattering]]
[2024.03.18-10.24.06:268][  0]LogConfig: Setting CVar [[r.DOF.Scatter.MaxSpriteRatio:0.1         ; only a maximum of 10% of scattered bokeh]]
[2024.03.18-10.24.06:268][  0]LogConfig: Setting CVar [[r.DOF.Recombine.Quality:1                ; cheap slight out of focus]]
[2024.03.18-10.24.06:268][  0]LogConfig: Setting CVar [[r.DOF.Recombine.EnableBokehSettings:0    ; no bokeh simulation on slight out of focus]]
[2024.03.18-10.24.06:268][  0]LogConfig: Setting CVar [[r.DOF.TemporalAAQuality:1                ; more stable temporal accumulation]]
[2024.03.18-10.24.06:268][  0]LogConfig: Setting CVar [[r.DOF.Kernel.MaxForegroundRadius:0.025]]
[2024.03.18-10.24.06:268][  0]LogConfig: Setting CVar [[r.DOF.Kernel.MaxBackgroundRadius:0.025]]
[2024.03.18-10.24.06:268][  0]LogConfig: Applying CVar settings from Section [TextureQuality@3] File [C:/Users/klaud/Documents/GitHub/BallRunner/BallRunner/Saved/Config/Windows/Scalability.ini]
[2024.03.18-10.24.06:268][  0]LogConfig: Setting CVar [[r.Streaming.MipBias:0]]
[2024.03.18-10.24.06:268][  0]LogConfig: Setting CVar [[r.Streaming.AmortizeCPUToGPUCopy:0]]
[2024.03.18-10.24.06:268][  0]LogConfig: Setting CVar [[r.Streaming.MaxNumTexturesToStreamPerFrame:0]]
[2024.03.18-10.24.06:268][  0]LogConfig: Setting CVar [[r.Streaming.Boost:1]]
[2024.03.18-10.24.06:268][  0]LogConfig: Setting CVar [[r.MaxAnisotropy:8]]
[2024.03.18-10.24.06:268][  0]LogConfig: Setting CVar [[r.VT.MaxAnisotropy:8]]
[2024.03.18-10.24.06:268][  0]LogConfig: Setting CVar [[r.Streaming.LimitPoolSizeToVRAM:0]]
[2024.03.18-10.24.06:268][  0]LogConfig: Setting CVar [[r.Streaming.PoolSize:1000]]
[2024.03.18-10.24.06:268][  0]LogConfig: Setting CVar [[r.Streaming.MaxEffectiveScreenSize:0]]
[2024.03.18-10.24.06:268][  0]LogConfig: Applying CVar settings from Section [EffectsQuality@3] File [C:/Users/klaud/Documents/GitHub/BallRunner/BallRunner/Saved/Config/Windows/Scalability.ini]
[2024.03.18-10.24.06:268][  0]LogConfig: Setting CVar [[r.TranslucencyLightingVolumeDim:64]]
[2024.03.18-10.24.06:268][  0]LogConfig: Setting CVar [[r.RefractionQuality:2]]
[2024.03.18-10.24.06:269][  0]LogConfig: Setting CVar [[r.SSR.Quality:3]]
[2024.03.18-10.24.06:269][  0]LogConfig: Setting CVar [[r.SSR.HalfResSceneColor:0]]
[2024.03.18-10.24.06:269][  0]LogConfig: Setting CVar [[r.SceneColorFormat:4]]
[2024.03.18-10.24.06:269][  0]LogConfig: Setting CVar [[r.DetailMode:2]]
[2024.03.18-10.24.06:269][  0]LogConfig: Setting CVar [[r.TranslucencyVolumeBlur:1]]
[2024.03.18-10.24.06:269][  0]LogConfig: Setting CVar [[r.MaterialQualityLevel:1 ; High quality]]
[2024.03.18-10.24.06:269][  0]LogConfig: Setting CVar [[r.AnisotropicMaterials:1]]
[2024.03.18-10.24.06:269][  0]LogConfig: Setting CVar [[r.SSS.Scale:1]]
[2024.03.18-10.24.06:269][  0]LogConfig: Setting CVar [[r.SSS.SampleSet:2]]
[2024.03.18-10.24.06:269][  0]LogConfig: Setting CVar [[r.SSS.Quality:1]]
[2024.03.18-10.24.06:269][  0]LogConfig: Setting CVar [[r.SSS.HalfRes:0]]
[2024.03.18-10.24.06:269][  0]LogConfig: Setting CVar [[r.SSGI.Quality:3]]
[2024.03.18-10.24.06:269][  0]LogConfig: Setting CVar [[r.EmitterSpawnRateScale:1.0]]
[2024.03.18-10.24.06:269][  0]LogConfig: Setting CVar [[r.ParticleLightQuality:2]]
[2024.03.18-10.24.06:269][  0]LogConfig: Setting CVar [[r.SkyAtmosphere.AerialPerspectiveLUT.FastApplyOnOpaque:1 ; Always have FastSkyLUT 1 in this case to avoid wrong sky]]
[2024.03.18-10.24.06:269][  0]LogConfig: Setting CVar [[r.SkyAtmosphere.AerialPerspectiveLUT.SampleCountMaxPerSlice:4]]
[2024.03.18-10.24.06:269][  0]LogConfig: Setting CVar [[r.SkyAtmosphere.AerialPerspectiveLUT.DepthResolution:16.0]]
[2024.03.18-10.24.06:269][  0]LogConfig: Setting CVar [[r.SkyAtmosphere.FastSkyLUT:1]]
[2024.03.18-10.24.06:269][  0]LogConfig: Setting CVar [[r.SkyAtmosphere.FastSkyLUT.SampleCountMin:4.0]]
[2024.03.18-10.24.06:269][  0]LogConfig: Setting CVar [[r.SkyAtmosphere.FastSkyLUT.SampleCountMax:128.0]]
[2024.03.18-10.24.06:269][  0]LogConfig: Setting CVar [[r.SkyAtmosphere.SampleCountMin:4.0]]
[2024.03.18-10.24.06:269][  0]LogConfig: Setting CVar [[r.SkyAtmosphere.SampleCountMax:128.0]]
[2024.03.18-10.24.06:269][  0]LogConfig: Setting CVar [[r.SkyAtmosphere.TransmittanceLUT.UseSmallFormat:0]]
[2024.03.18-10.24.06:269][  0]LogConfig: Setting CVar [[r.SkyAtmosphere.TransmittanceLUT.SampleCount:10.0]]
[2024.03.18-10.24.06:269][  0]LogConfig: Setting CVar [[r.SkyAtmosphere.MultiScatteringLUT.SampleCount:15.0]]
[2024.03.18-10.24.06:269][  0]LogConfig: Setting CVar [[r.SkyLight.RealTimeReflectionCapture:1]]
[2024.03.18-10.24.06:269][  0]LogConfig: Applying CVar settings from Section [FoliageQuality@3] File [C:/Users/klaud/Documents/GitHub/BallRunner/BallRunner/Saved/Config/Windows/Scalability.ini]
[2024.03.18-10.24.06:269][  0]LogConfig: Setting CVar [[foliage.DensityScale:1.0]]
[2024.03.18-10.24.06:269][  0]LogConfig: Setting CVar [[grass.DensityScale:1.0]]
[2024.03.18-10.24.06:269][  0]LogConfig: Applying CVar settings from Section [ShadingQuality@3] File [C:/Users/klaud/Documents/GitHub/BallRunner/BallRunner/Saved/Config/Windows/Scalability.ini]
[2024.03.18-10.24.06:269][  0]LogConfig: Setting CVar [[r.HairStrands.SkyLighting.IntegrationType:2]]
[2024.03.18-10.24.06:269][  0]LogConfig: Setting CVar [[r.HairStrands.SkyAO.SampleCount:4]]
[2024.03.18-10.24.06:269][  0]LogConfig: Setting CVar [[r.HairStrands.Visibility.MSAA.SamplePerPixel:4]]
[2024.03.18-10.24.06:269][  0]LogConfig: Applying CVar settings from Section [Startup] File [../../../Engine/Config/ConsoleVariables.ini]
[2024.03.18-10.24.06:270][  0]LogConfig: Setting CVar [[net.UseAdaptiveNetUpdateFrequency:0]]
[2024.03.18-10.24.06:270][  0]LogConfig: Setting CVar [[p.chaos.AllowCreatePhysxBodies:1]]
[2024.03.18-10.24.06:270][  0]LogConfig: Setting CVar [[fx.SkipVectorVMBackendOptimizations:1]]
[2024.03.18-10.24.06:270][  0]LogConfig: Applying CVar settings from Section [ConsoleVariables] File [C:/Users/klaud/Documents/GitHub/BallRunner/BallRunner/Saved/Config/Windows/Engine.ini]
[2024.03.18-10.24.06:270][  0]LogConfig: Applying CVar settings from Section [ConsoleVariables] File [C:/Users/klaud/Documents/GitHub/BallRunner/BallRunner/Saved/Config/Windows/Editor.ini]
[2024.03.18-10.24.06:270][  0]LogInit: Computer: DESKTOP-C9D5HLN
[2024.03.18-10.24.06:270][  0]LogInit: User: klaud
[2024.03.18-10.24.06:270][  0]LogInit: CPU Page size=4096, Cores=2
[2024.03.18-10.24.06:270][  0]LogInit: High frequency timer resolution =10.000000 MHz
[2024.03.18-10.24.06:270][  0]LogMemory: Memory total: Physical=7.9GB (8GB approx)
[2024.03.18-10.24.06:270][  0]LogMemory: Platform Memory Stats for Windows
[2024.03.18-10.24.06:270][  0]LogMemory: Process Physical Memory: 142.74 MB used, 142.75 MB peak
[2024.03.18-10.24.06:270][  0]LogMemory: Process Virtual Memory: 121.03 MB used, 121.03 MB peak
[2024.03.18-10.24.06:270][  0]LogMemory: Physical Memory: 4201.12 MB used,  3911.34 MB free, 8112.46 MB total
[2024.03.18-10.24.06:270][  0]LogMemory: Virtual Memory: 134211104.00 MB used,  6625.58 MB free, 134217728.00 MB total
[2024.03.18-10.24.06:281][  0]LogWindows: WindowsPlatformFeatures enabled
[2024.03.18-10.24.06:326][  0]LogInit: Physics initialised using underlying interface: PhysX
[2024.03.18-10.24.06:328][  0]LogInit: Using OS detected language (pl-PL).
[2024.03.18-10.24.06:328][  0]LogInit: Using OS detected locale (pl-PL).
[2024.03.18-10.24.06:337][  0]LogTextLocalizationManager: No specific localization for 'pl-PL' exists, so the 'pl' localization will be used.
[2024.03.18-10.24.06:338][  0]LogTextLocalizationResource: LocRes '../../../Engine/Content/Localization/Editor/pl/Editor.locres' could not be opened for reading!
[2024.03.18-10.24.06:338][  0]LogTextLocalizationResource: LocRes '../../../Engine/Content/Localization/EditorTutorials/pl/EditorTutorials.locres' could not be opened for reading!
[2024.03.18-10.24.06:339][  0]LogTextLocalizationResource: LocRes '../../../Engine/Content/Localization/Keywords/pl/Keywords.locres' could not be opened for reading!
[2024.03.18-10.24.06:339][  0]LogTextLocalizationResource: LocRes '../../../Engine/Content/Localization/Category/pl/Category.locres' could not be opened for reading!
[2024.03.18-10.24.06:339][  0]LogTextLocalizationResource: LocRes '../../../Engine/Content/Localization/ToolTips/pl/ToolTips.locres' could not be opened for reading!
[2024.03.18-10.24.06:340][  0]LogTextLocalizationResource: LocRes '../../../Engine/Content/Localization/PropertyNames/pl/PropertyNames.locres' could not be opened for reading!
[2024.03.18-10.24.06:340][  0]LogTextLocalizationResource: LocRes '../../../Engine/Content/Localization/Engine/pl/Engine.locres' could not be opened for reading!
[2024.03.18-10.24.06:342][  0]LogInit: Setting process to per monitor DPI aware
[2024.03.18-10.24.06:368][  0]LogWindowsTextInputMethodSystem: Display: IME system deactivated.
[2024.03.18-10.24.06:396][  0]LogSlate: New Slate User Created.  User Index 0, Is Virtual User: 0
[2024.03.18-10.24.06:396][  0]LogSlate: Slate User Registered.  User Index 0, Is Virtual User: 0
[2024.03.18-10.24.06:952][  0]LogD3D11RHI: Loaded GFSDK_Aftermath_Lib.x64.dll
[2024.03.18-10.24.06:960][  0]LogHMD: Failed to initialize OpenVR with code 110
[2024.03.18-10.24.06:960][  0]LogD3D11RHI: D3D11 min allowed feature level: 11_0
[2024.03.18-10.24.06:960][  0]LogD3D11RHI: D3D11 max allowed feature level: 11_0
[2024.03.18-10.24.06:960][  0]LogD3D11RHI: D3D11 adapters:
[2024.03.18-10.24.07:024][  0]LogD3D11RHI:    0. 'AMD Radeon (TM) R5 M330' (Feature Level 11_0)
[2024.03.18-10.24.07:024][  0]LogD3D11RHI:       2039/0/4056 MB DedicatedVideo/DedicatedSystem/SharedSystem, Outputs:2, VendorId:0x1002
[2024.03.18-10.24.07:036][  0]LogD3D11RHI:    1. 'Intel(R) HD Graphics Family' (Feature Level 11_0)
[2024.03.18-10.24.07:036][  0]LogD3D11RHI:       112/0/2048 MB DedicatedVideo/DedicatedSystem/SharedSystem, Outputs:0, VendorId:0x8086
[2024.03.18-10.24.07:040][  0]LogD3D11RHI:    2. 'Microsoft Basic Render Driver' (Feature Level 11_0)
[2024.03.18-10.24.07:040][  0]LogD3D11RHI:       0/0/4056 MB DedicatedVideo/DedicatedSystem/SharedSystem, Outputs:0, VendorId:0x1414
[2024.03.18-10.24.07:040][  0]LogD3D11RHI: Chosen D3D11 Adapter:
[2024.03.18-10.24.07:040][  0]LogD3D11RHI:     Description : AMD Radeon (TM) R5 M330
[2024.03.18-10.24.07:040][  0]LogD3D11RHI:     VendorId    : 1002
[2024.03.18-10.24.07:040][  0]LogD3D11RHI:     DeviceId    : 6660
[2024.03.18-10.24.07:040][  0]LogD3D11RHI:     SubSysId    : 390c17aa
[2024.03.18-10.24.07:040][  0]LogD3D11RHI:     Revision    : 0083
[2024.03.18-10.24.07:040][  0]LogD3D11RHI:     DedicatedVideoMemory : 2138304512 bytes
[2024.03.18-10.24.07:040][  0]LogD3D11RHI:     DedicatedSystemMemory : 0 bytes
[2024.03.18-10.24.07:040][  0]LogD3D11RHI:     SharedSystemMemory : 4253265920 bytes
[2024.03.18-10.24.07:040][  0]LogD3D11RHI:     AdapterLuid : 0 75018
[2024.03.18-10.24.07:047][  0]LogD3D11RHI: Creating new Direct3DDevice
[2024.03.18-10.24.07:047][  0]LogD3D11RHI:     GPU DeviceId: 0x6660 (for the marketing name, search the web for "GPU Device Id")
[2024.03.18-10.24.07:047][  0]LogWindows: EnumDisplayDevices:
[2024.03.18-10.24.07:048][  0]LogWindows:    0. 'Intel(R) HD Graphics Family' (P:1 D:1)
[2024.03.18-10.24.07:049][  0]LogWindows:    1. 'Intel(R) HD Graphics Family' (P:0 D:1)
[2024.03.18-10.24.07:050][  0]LogWindows:    2. 'Intel(R) HD Graphics Family' (P:0 D:0)
[2024.03.18-10.24.07:050][  0]LogWindows: DebugString: PrimaryIsNotTheChoosenAdapter PrimaryIsNotTheChoosenAdapter PrimaryIsNotTheChoosenAdapter FoundDriverCount:0 
[2024.03.18-10.24.07:050][  0]LogD3D11RHI:     Adapter Name: AMD Radeon (TM) R5 M330
[2024.03.18-10.24.07:050][  0]LogD3D11RHI:   Driver Version: Unknown (internal:Unknown, unified:Unknown)
[2024.03.18-10.24.07:050][  0]LogD3D11RHI:      Driver Date: Unknown
[2024.03.18-10.24.07:051][  0]LogRHI: Texture pool is 1213 MB (70% of 1733 MB)
[2024.03.18-10.24.07:076][  0]LogD3D11RHI: Creating D3DDevice with AMD AGS, using adapter:
[2024.03.18-10.24.07:076][  0]LogD3D11RHI:     Description : AMD Radeon (TM) R5 M330
[2024.03.18-10.24.07:076][  0]LogD3D11RHI:     VendorId    : 1002
[2024.03.18-10.24.07:076][  0]LogD3D11RHI:     DeviceId    : 6660
[2024.03.18-10.24.07:076][  0]LogD3D11RHI:     SubSysId    : 390c17aa
[2024.03.18-10.24.07:076][  0]LogD3D11RHI:     Revision    : 0083
[2024.03.18-10.24.07:076][  0]LogD3D11RHI:     DedicatedVideoMemory : 2138304512 bytes
[2024.03.18-10.24.07:076][  0]LogD3D11RHI:     DedicatedSystemMemory : 0 bytes
[2024.03.18-10.24.07:076][  0]LogD3D11RHI:     SharedSystemMemory : 4253265920 bytes
[2024.03.18-10.24.07:076][  0]LogD3D11RHI:     AdapterLuid : 0 75018
[2024.03.18-10.24.07:132][  0]LogD3D11RHI: Created device via AGS, feature level 11_0, supported extensions 1fffffbf.
[2024.03.18-10.24.07:132][  0]LogD3D11RHI: RHI has support for 64 bit atomics
[2024.03.18-10.24.07:132][  0]LogD3D11RHI: Async texture creation enabled
[2024.03.18-10.24.07:132][  0]LogD3D11RHI: Array index from any shader is supported
[2024.03.18-10.24.07:165][  0]LogD3D11RHI: GPU Timing Frequency: 27.000000 (Debug: 2 1)
[2024.03.18-10.24.07:969][  0]LogTargetPlatformManager: Display: Loaded TargetPlatform 'AllDesktop'
[2024.03.18-10.24.08:174][  0]LogTargetPlatformManager: Display: Loaded TargetPlatform 'Android'
[2024.03.18-10.24.08:174][  0]LogTargetPlatformManager: Display: Loaded TargetPlatform 'Android_ASTC'
[2024.03.18-10.24.08:174][  0]LogTargetPlatformManager: Display: Loaded TargetPlatform 'Android_DXT'
[2024.03.18-10.24.08:174][  0]LogTargetPlatformManager: Display: Loaded TargetPlatform 'Android_ETC2'
[2024.03.18-10.24.08:174][  0]LogTargetPlatformManager: Display: Loaded TargetPlatform 'AndroidClient'
[2024.03.18-10.24.08:174][  0]LogTargetPlatformManager: Display: Loaded TargetPlatform 'Android_ASTCClient'
[2024.03.18-10.24.08:175][  0]LogTargetPlatformManager: Display: Loaded TargetPlatform 'Android_DXTClient'
[2024.03.18-10.24.08:175][  0]LogTargetPlatformManager: Display: Loaded TargetPlatform 'Android_ETC2Client'
[2024.03.18-10.24.08:175][  0]LogTargetPlatformManager: Display: Loaded TargetPlatform 'Android_Multi'
[2024.03.18-10.24.08:175][  0]LogTargetPlatformManager: Display: Loaded TargetPlatform 'Android_MultiClient'
[2024.03.18-10.24.08:218][  0]LogTargetPlatformManager: Display: Loaded TargetPlatform 'IOSClient'
[2024.03.18-10.24.08:218][  0]LogTargetPlatformManager: Display: Loaded TargetPlatform 'IOS'
[2024.03.18-10.24.08:242][  0]LogTargetPlatformManager: Display: Loaded TargetPlatform 'Linux'
[2024.03.18-10.24.08:253][  0]LogTargetPlatformManager: Display: Loaded TargetPlatform 'LinuxNoEditor'
[2024.03.18-10.24.08:264][  0]LogTargetPlatformManager: Display: Loaded TargetPlatform 'LinuxClient'
[2024.03.18-10.24.08:273][  0]LogTargetPlatformManager: Display: Loaded TargetPlatform 'LinuxServer'
[2024.03.18-10.24.08:294][  0]LogTargetPlatformManager: Display: Loaded TargetPlatform 'LinuxAArch64NoEditor'
[2024.03.18-10.24.08:303][  0]LogTargetPlatformManager: Display: Loaded TargetPlatform 'LinuxAArch64Client'
[2024.03.18-10.24.08:312][  0]LogTargetPlatformManager: Display: Loaded TargetPlatform 'LinuxAArch64Server'
[2024.03.18-10.24.08:372][  0]LogTargetPlatformManager: Display: Loaded TargetPlatform 'Lumin'
[2024.03.18-10.24.08:372][  0]LogTargetPlatformManager: Display: Loaded TargetPlatform 'LuminClient'
[2024.03.18-10.24.08:393][  0]LogTargetPlatformManager: Display: Loaded TargetPlatform 'MacNoEditor'
[2024.03.18-10.24.08:403][  0]LogTargetPlatformManager: Display: Loaded TargetPlatform 'Mac'
[2024.03.18-10.24.08:413][  0]LogTargetPlatformManager: Display: Loaded TargetPlatform 'MacClient'
[2024.03.18-10.24.08:422][  0]LogTargetPlatformManager: Display: Loaded TargetPlatform 'MacServer'
[2024.03.18-10.24.08:448][  0]LogTargetPlatformManager: Display: Loaded TargetPlatform 'TVOSClient'
[2024.03.18-10.24.08:448][  0]LogTargetPlatformManager: Display: Loaded TargetPlatform 'TVOS'
[2024.03.18-10.24.08:470][  0]LogTargetPlatformManager: Display: Loaded TargetPlatform 'WindowsNoEditor'
[2024.03.18-10.24.08:484][  0]LogTargetPlatformManager: Display: Loaded TargetPlatform 'Windows'
[2024.03.18-10.24.08:498][  0]LogTargetPlatformManager: Display: Loaded TargetPlatform 'WindowsClient'
[2024.03.18-10.24.08:508][  0]LogTargetPlatformManager: Display: Loaded TargetPlatform 'WindowsServer'
[2024.03.18-10.24.08:508][  0]LogTargetPlatformManager: Display: Building Assets For Windows
[2024.03.18-10.24.08:524][  0]LogAudioDebug: Display: Lib vorbis DLL was dynamically loaded.
[2024.03.18-10.24.08:614][  0]LogTextureFormatOodle: Display: Oodle Texture 2.9.0 init RDO Off
[2024.03.18-10.24.08:704][  0]LogRendererCore: Ray tracing is disabled. Reason: r.RayTracing=0.
[2024.03.18-10.24.08:705][  0]LogShaderCompilers: Guid format shader working directory is -23 characters bigger than the processId version (../../../../../../Users/klaud/Documents/GitHub/BallRunner/BallRunner/Intermediate/Shaders/WorkingDirectory/16916/).
[2024.03.18-10.24.08:705][  0]LogShaderCompilers: Cleaned the shader compiler working directory 'C:/Users/klaud/AppData/Local/Temp/UnrealShaderWorkingDir/8DCF5CA94E6AC42847C1919FC0B5AF76/'.
[2024.03.18-10.24.08:706][  0]LogXGEController: Cannot use XGE Controller as Incredibuild is not installed on this machine.
[2024.03.18-10.24.08:706][  0]LogShaderCompilers: Cannot use XGE Shader Compiler as Incredibuild is not installed on this machine.
[2024.03.18-10.24.08:706][  0]LogShaderCompilers: Display: Using Local Shader Compiler.
[2024.03.18-10.24.10:460][  0]LogDerivedDataCache: Display: Max Cache Size: 512 MB
[2024.03.18-10.24.10:586][  0]LogDerivedDataCache: Loaded boot cache 0.13s 94MB C:/Users/klaud/AppData/Local/UnrealEngine/4.27/DerivedDataCache/Boot.ddc.
[2024.03.18-10.24.10:586][  0]LogDerivedDataCache: Display: Loaded Boot cache: C:/Users/klaud/AppData/Local/UnrealEngine/4.27/DerivedDataCache/Boot.ddc
[2024.03.18-10.24.10:588][  0]LogDerivedDataCache: FDerivedDataBackendGraph:  Pak pak cache file ../../../../../../Users/klaud/Documents/GitHub/BallRunner/BallRunner/DerivedDataCache/DDC.ddp not found, will not use a pak cache.
[2024.03.18-10.24.10:588][  0]LogDerivedDataCache: Unable to find inner node Pak for hierarchical cache Hierarchy.
[2024.03.18-10.24.10:588][  0]LogDerivedDataCache: FDerivedDataBackendGraph:  CompressedPak pak cache file ../../../../../../Users/klaud/Documents/GitHub/BallRunner/BallRunner/DerivedDataCache/Compressed.ddp not found, will not use a pak cache.
[2024.03.18-10.24.10:588][  0]LogDerivedDataCache: Unable to find inner node CompressedPak for hierarchical cache Hierarchy.
[2024.03.18-10.24.10:622][  0]LogDerivedDataCache: Display: Pak cache opened for reading ../../../Engine/DerivedDataCache/Compressed.ddp.
[2024.03.18-10.24.10:622][  0]LogDerivedDataCache: FDerivedDataBackendGraph:  EnterprisePak pak cache file ../../../Enterprise/DerivedDataCache/Compressed.ddp not found, will not use a pak cache.
[2024.03.18-10.24.10:622][  0]LogDerivedDataCache: Unable to find inner node EnterprisePak for hierarchical cache Hierarchy.
[2024.03.18-10.24.10:642][  0]LogDerivedDataCache: Speed tests for C:/Users/klaud/AppData/Local/UnrealEngine/Common/DerivedDataCache took 0.02 seconds
[2024.03.18-10.24.10:642][  0]LogDerivedDataCache: Display: Performance to C:/Users/klaud/AppData/Local/UnrealEngine/Common/DerivedDataCache: Latency=0.13ms. RandomReadSpeed=325.82MBs, RandomWriteSpeed=61.58MBs. Assigned SpeedClass 'Local'
[2024.03.18-10.24.10:643][  0]LogDerivedDataCache: Using Local data cache path C:/Users/klaud/AppData/Local/UnrealEngine/Common/DerivedDataCache: Writable
[2024.03.18-10.24.10:643][  0]LogDerivedDataCache: Shared data cache path not found in *engine.ini, will not use an Shared cache.
[2024.03.18-10.24.10:643][  0]LogDerivedDataCache: Unable to find inner node Shared for hierarchical cache Hierarchy.
[2024.03.18-10.24.10:827][  0]LogSlate: Using FreeType 2.10.0
[2024.03.18-10.24.10:828][  0]LogSlate: SlateFontServices - WITH_FREETYPE: 1, WITH_HARFBUZZ: 1
[2024.03.18-10.24.10:916][  0]LogAssetRegistry: FAssetRegistry took 0.0048 seconds to start up
[2024.03.18-10.24.11:472][  0]LogInit: Selected Device Profile: [Windows]
[2024.03.18-10.24.11:472][  0]LogInit: Active device profile: [000001F25B782D00][000001F257ACC6C0 49] Windows
[2024.03.18-10.24.11:472][  0]LogInit: Profiles: [000001F25B782D00][000001F257ACC6C0 49] Windows, [000001F25B70D900][000001F24DE34840 49] WindowsNoEditor, [000001F25B782100][000001F24DE389C0 49] WindowsServer, [000001F25B70E400][000001F24DE3CB40 49] WindowsClient, [000001F25B783600][000001F24F9D0CC0 49] IOS, [000001F25B70FE00][000001F2598AAE00 49] iPadAir, [000001F25B780900][000001F24F9D4F40 49] iPadAir2, [000001F25B6C5200][000001F24F9DD180 49] IPadPro, [000001F25B6C5300][000001F24F9D91C0 49] iPadAir3, [000001F25B70EA00][000001F24F9E5340 49] iPadAir4, [000001F25B6C6000][000001F24F9E94C0 49] iPadMini2, [000001F25B70C300][000001F24F9ED640 49] iPadMini3, [000001F25B6C6B00][000001F24F9F17C0 49] iPadMini4, [000001F25B70F600][000001F24F9F5940 49] iPadMini5, [000001F25B6DCA00][000001F24F9FDC00 49] iPhone6, [000001F25B6DCB00][000001F24F9F80C0 49] iPodTouch6, [000001F25B780800][000001F24F30C380 49] iPhone7, [000001F25B780700][000001F24FA003C0 49] iPodTouch7, [000001F25B6DC100][000001F24F310540 49] iPhone5S, [000001F25B6C5E00][000001F24F3146C0 49] iPhone6Plus, [000001F25B6DFB00][000001F24F318840 49] iPhone6S, [000001F25B6C4E00][000001F24F31C9C0 49] iPhone6SPlus, [000001F25B6DF400][000001F24F324B40 49] iPhone7Plus, [000001F25B6C6C00][000001F24F328CC0 49] iPhoneSE, [000001F25B6DDF00][000001F24F32CE40 49] iPhone8, [000001F25B6C5B00][000001F24F9E0F80 49] iPhone8Plus, [000001F25B6DDB00][000001F24F3390C0 49] iPhoneX, [000001F25B6C6800][000001F24F33D200 49] iPhoneXS, [000001F25B782A00][000001F24EE5B340 49] iPhoneXSMax, [000001F25B6C7700][000001F24EE5F4C0 49] iPhoneXR, [000001F25B780600][000001F2594B1640 49] iPhone11, [000001F25B6C5400][000001F2595257C0 49] iPhone11Pro, [000001F25B780A00][000001F259529940 49] iPhone11ProMax, [000001F25B6C7200][000001F25952DAC0 49] iPhoneSE2, [000001F25B782300][000001F2595300C0 49] iPhone12Mini, [000001F25B6C6900][000001F259534240 49] iPhone12, [000001F25B783A00][000001F25C07C3C0 49] iPhone12Pro, [000001F25B6C7F00][000001F25C080540 49] iPhone12ProMax, [000001F25B783000][000001F25C0B46C0 49] iPadPro105, [000001F25B6C5D00][000001F25C0B8840 49] iPadPro129, [000001F25B781E00][000001F25C0BC9C0 49] iPadPro97, [000001F25B6C5500][000001F25C0C0B40 49] iPadPro2_129, [000001F25B780F00][000001F259884CC0 49] iPad5, [000001F25B6C4D00][000001F257472E40 49] iPad6, [000001F25B780C00][000001F257482FC0 49] iPad7, [000001F25B6C7300][000001F257487140 49] iPad8, [000001F25B780400][000001F259775280 49] iPadPro11, [000001F25B6C7400][000001F25A9DF3C0 49] iPadPro2_11, [000001F25B783800][000001F25A9ED500 49] iPadPro3_129, [000001F25B6C7C00][000001F25A9F5680 49] iPadPro4_129, [000001F25B783400][000001F25A9F9800 49] AppleTV, [000001F25B6C5100][000001F25A9FD980 49] AppleTV4K, [000001F25B783200][000001F25AA01B00 49] TVOS, [000001F25B6C4800][000001F25AA04100 49] Mac, [000001F25B783900][000001F25AA08280 49] MacClient, [000001F25B6C4B00][000001F25AA20400 49] MacNoEditor, [000001F25B783300][000001F2574EA580 49] MacServer, [000001F25B6C4F00][000001F2574EE700 49] Linux, [000001F25B780B00][000001F2574F2880 49] LinuxAArch64, [000001F25B6C7E00][000001F2574FAA00 49] LinuxNoEditor, [000001F25B781A00][000001F2594B4B80 49] LinuxAArch64NoEditor, [000001F25B6C4700][000001F2594B8D00 49] LinuxClient, [000001F25B781800][000001F2594BCE80 49] LinuxAArch64Client, [000001F25B6C6F00][000001F2594C1000 49] LinuxServer, [000001F25B782800][000001F25C073180 49] LinuxAArch64Server, [000001F25B6C5000][000001F2574FF300 49] Android, [000001F25B782400][000001F25A9F1440 49] Android_Low, [000001F25B6C7800][000001F25C077580 49] Android_Mid, [000001F25B780200][000001F2594E36C0 49] Android_High, [000001F25B6C5700][000001F2594EB840 49] Android_Default, [000001F25B781B00][000001F2598899C0 49] Android_Adreno4xx, [000001F25B6C4300][000001F25C0C5B40 49] Android_Adreno5xx_Low, [000001F25B782900][000001F24F330140 49] Android_Adreno5xx, [000001F25B70E000][000001F2574E62C0 49] Android_Adreno6xx, [000001F25B6DFA00][000001F2574F6440 49] Android_Adreno6xx_Vulkan, [000001F25B70C100][000001F2594EE5C0 49] Android_Mali_T6xx, [000001F25B6DF900][000001F2594F2740 49] Android_Mali_T7xx, [000001F25B70F000][000001F2594F68C0 49] Android_Mali_T8xx, [000001F25B6DE100][000001F2594FAA40 49] Android_Mali_G71, [000001F25B70E900][000001F2594FEBC0 49] Android_Mali_G72, [000001F25B6DD300][000001F259502D40 49] Android_Mali_G72_Vulkan, [000001F25B70C200][000001F259506EC0 49] Android_Mali_G76, [000001F25B6DE200][000001F25950B040 49] Android_Mali_G76_Vulkan, [000001F25B70D700][000001F25950F1C0 49] Android_Mali_G77, [000001F25B6DE700][000001F259513340 49] Android_Mali_G77_Vulkan, [000001F25B70CE00][000001F2595174C0 49] Android_Mali_G78, [000001F25B6DD900][000001F2594E7600 49] Android_Mali_G78_Vulkan, [000001F25B70CA00][000001F25951B740 49] Android_Mali_G710, [000001F25B6DEA00][000001F25951F880 49] Android_Mali_G710_Vulkan, [000001F25B70C900][000001F25970F9C0 49] Android_Vulkan_SM5, [000001F25B6DF200][000001F259717B40 49] Android_PowerVR_G6xxx, [000001F25B70C500][000001F25971A140 49] Android_PowerVR_GT7xxx, [000001F25B6DD400][000001F25971E2C0 49] Android_PowerVR_GE8xxx, [000001F25B70D100][000001F259722440 49] Android_PowerVR_GM9xxx, [000001F25B6DF800][000001F2597265C0 49] Android_PowerVR_GM9xxx_Vulkan, [000001F25B70E700][000001F25972A740 49] Android_TegraK1, [000001F25B6DEB00][000001F25980C8C0 49] Android_Unknown_Vulkan, [000001F25B70F500][000001F259810A40 49] Lumin, [000001F25B6DE900][000001F259814BC0 49] Lumin_Desktop, [000001F25B70D200][000001F259818D40 49] HoloLens, 
[2024.03.18-10.24.11:733][  0]LogMeshReduction: Using QuadricMeshReduction for automatic static mesh reduction
[2024.03.18-10.24.11:733][  0]LogMeshReduction: Using SimplygonMeshReduction for automatic skeletal mesh reduction
[2024.03.18-10.24.11:733][  0]LogMeshReduction: Using ProxyLODMeshReduction for automatic mesh merging
[2024.03.18-10.24.11:733][  0]LogMeshReduction: No distributed automatic mesh merging module available
[2024.03.18-10.24.11:733][  0]LogMeshMerging: No distributed automatic mesh merging module available
[2024.03.18-10.24.11:769][  0]LogNetVersion: BallRunner 1.0.0, NetCL: 17155196, EngineNetVer: 17, GameNetVer: 0 (Checksum: 2764683990)
[2024.03.18-10.24.12:907][  0]LogTexture: Default maximum texture size for cubemaps generated from long-lat sources has been changed from 512 to unlimited. In order to preserve old behaiour for '/Engine/MapTemplates/Sky/DaylightAmbientCubemap.DaylightAmbientCubemap', its maximum texture size has been explicitly set to 512.
[2024.03.18-10.24.13:016][  0]LogHMD: PokeAHoleMaterial loaded successfully
[2024.03.18-10.24.13:025][  0]LogUObjectArray: 17178 objects as part of root set at end of initial load.
[2024.03.18-10.24.13:026][  0]LogUObjectAllocator: 4302048 out of 0 bytes used by permanent object pool.
[2024.03.18-10.24.13:026][  0]LogUObjectArray: CloseDisregardForGC: 0/0 objects in disregard for GC pool
[2024.03.18-10.24.13:694][  0]LogNiagaraDebuggerClient: Niagara Debugger Client Initialized | Session: B98841C24E6E5D62C928449BC0DCC741 | Instance: 9DD94FF74CE9E956D10BBDA62D12348B (DESKTOP-C9D5HLN-16916).
[2024.03.18-10.24.13:772][  0]LogPython: Using Python 3.7.7
[2024.03.18-10.24.15:062][  0]LogTcpMessaging: Initializing TcpMessaging bridge
[2024.03.18-10.24.15:071][  0]LogUdpMessaging: Initializing bridge on interface 0.0.0.0:0 to multicast group 230.0.0.1:6666.
[2024.03.18-10.24.15:411][  0]SourceControl: Source control is disabled
[2024.03.18-10.24.15:411][  0]SourceControl: Source control is disabled
[2024.03.18-10.24.15:418][  0]SourceControl: Source control is disabled
[2024.03.18-10.24.15:424][  0]SourceControl: Source control is disabled
[2024.03.18-10.24.15:445][  0]SourceControl: Source control is disabled
[2024.03.18-10.24.15:458][  0]LogUProjectInfo: Found projects:
[2024.03.18-10.24.15:910][  0]LogOpenImageDenoise: OIDN starting up
[2024.03.18-10.24.16:043][  0]LogAudioCaptureCore: Display: No Audio Capture implementations found. Audio input will be silent.
[2024.03.18-10.24.16:043][  0]LogAudioCaptureCore: Display: No Audio Capture implementations found. Audio input will be silent.
[2024.03.18-10.24.16:057][  0]LogAndroidPermission: UAndroidPermissionCallbackProxy::GetInstance
[2024.03.18-10.24.16:315][  0]LogCollectionManager: Loaded 0 collections in 0.003790 seconds
[2024.03.18-10.24.16:372][  0]LogFileCache: Scanning file cache for directory 'C:/Users/klaud/Documents/GitHub/BallRunner/BallRunner/Saved/Collections/' took 0.00s
[2024.03.18-10.24.16:372][  0]LogFileCache: Scanning file cache for directory 'C:/Users/klaud/Documents/GitHub/BallRunner/BallRunner/Content/Developers/klaud/Collections/' took 0.00s
[2024.03.18-10.24.16:372][  0]LogFileCache: Scanning file cache for directory 'C:/Users/klaud/Documents/GitHub/BallRunner/BallRunner/Content/Collections/' took 0.00s
[2024.03.18-10.24.16:372][  0]LogOcInput: OculusInput pre-init called
[2024.03.18-10.24.17:088][  0]LogEngine: Initializing Engine...
[2024.03.18-10.24.17:116][  0]LogHMD: Failed to enumerate extensions. Please check that you have a valid OpenXR runtime installed.
[2024.03.18-10.24.17:116][  0]LogHMD: Failed to initialize OpenVR with code 110
[2024.03.18-10.24.17:117][  0]LogMagicLeap: Warning: VR disabled because ZI is not enabled.  To enable, in the editor, Edit -> Project Settings -> Plugins -> Magic Leap Plugin -> Enable Zero Iteration
[2024.03.18-10.24.17:118][  0]LogStats: UGameplayTagsManager::InitializeManager -  0.000 s
[2024.03.18-10.24.17:378][  0]LogInit: Initializing FReadOnlyCVARCache
[2024.03.18-10.24.17:395][  0]LogAIModule: Creating AISystem for world Untitled
[2024.03.18-10.24.17:476][  0]LogAudio: Display: Initializing Audio Device Manager...
[2024.03.18-10.24.17:500][  0]LogAudio: Display: Loading Default Audio Settings Objects...
[2024.03.18-10.24.17:503][  0]LogAudio: Display: No default SoundConcurrencyObject specified (or failed to load).
[2024.03.18-10.24.17:505][  0]LogAudio: Display: Audio Device Manager Initialized
[2024.03.18-10.24.17:505][  0]LogAudio: Display: Creating Audio Device:                 Id: 1, Scope: Shared, Realtime: True
[2024.03.18-10.24.17:505][  0]LogAudioMixer: Display: Audio Mixer Platform Settings:
[2024.03.18-10.24.17:505][  0]LogAudioMixer: Display: 	Sample Rate:						  48000
[2024.03.18-10.24.17:505][  0]LogAudioMixer: Display: 	Callback Buffer Frame Size Requested: 1024
[2024.03.18-10.24.17:505][  0]LogAudioMixer: Display: 	Callback Buffer Frame Size To Use:	  1024
[2024.03.18-10.24.17:505][  0]LogAudioMixer: Display: 	Number of buffers to queue:			  2
[2024.03.18-10.24.17:505][  0]LogAudioMixer: Display: 	Max Channels (voices):				  32
[2024.03.18-10.24.17:505][  0]LogAudioMixer: Display: 	Number of Async Source Workers:		  0
[2024.03.18-10.24.17:505][  0]LogAudio: Display: AudioDevice MaxSources: 32
[2024.03.18-10.24.17:508][  0]LogAudio: Display: Audio Spatialization Plugin: None (built-in).
[2024.03.18-10.24.17:508][  0]LogAudio: Display: Audio Reverb Plugin: None (built-in).
[2024.03.18-10.24.17:508][  0]LogAudio: Display: Audio Occlusion Plugin: None (built-in).
[2024.03.18-10.24.17:508][  0]LogAudioMixer: Display: Initializing audio mixer.
[2024.03.18-10.24.17:620][  0]LogAudioMixer: Display: 0: FrontLeft
[2024.03.18-10.24.17:620][  0]LogAudioMixer: Display: 1: FrontRight
[2024.03.18-10.24.17:905][  0]LogAudioMixer: Display: Using Audio Device Słuchawki (2 — JBL TUNE500BT Stereo)
[2024.03.18-10.24.17:927][  0]LogAudioMixer: Display: Initializing Sound Submixes...
[2024.03.18-10.24.17:939][  0]LogAudioMixer: Display: Creating Master Submix 'MasterSubmixDefault'
[2024.03.18-10.24.17:939][  0]LogAudioMixer: Display: Creating Master Submix 'MasterReverbSubmixDefault'
[2024.03.18-10.24.17:942][  0]LogAudioMixer: Display: Creating Master Submix 'MasterEQSubmixDefault'
[2024.03.18-10.24.17:942][  0]LogAudioMixer: FMixerPlatformXAudio2::StartAudioStream() called
[2024.03.18-10.24.17:942][  0]LogAudioMixer: Display: Output buffers initialized: Frames=1024, Channels=2, Samples=2048
[2024.03.18-10.24.17:944][  0]LogAudioMixer: Display: Starting AudioMixerPlatformInterface::RunInternal()
[2024.03.18-10.24.17:944][  0]LogAudioMixer: Display: FMixerPlatformXAudio2::SubmitBuffer() called for the first time
[2024.03.18-10.24.17:945][  0]LogInit: FAudioDevice initialized.
[2024.03.18-10.24.17:945][  0]LogAudio: Display: Audio Device (ID: 1) registered with world 'Untitled'.
[2024.03.18-10.24.17:945][  0]LogNetVersion: Set ProjectVersion to 1.0.0.0. Version Checksum will be recalculated on next use.
[2024.03.18-10.24.18:304][  0]LogDerivedDataCache: Saved boot cache 0.36s 94MB C:/Users/klaud/AppData/Local/UnrealEngine/4.27/DerivedDataCache/Boot.ddc.
[2024.03.18-10.24.18:305][  0]LogInit: Texture streaming: Enabled
[2024.03.18-10.24.18:327][  0]LogAnalytics: Display: [UEEditor.Rocket.Release] APIServer = https://datarouter.ol.epicgames.com/. AppVersion = 4.27.2-18319896+++UE4+Release-4.27
[2024.03.18-10.24.18:336][  0]LogEngineSessionManager: EngineSessionManager initialized
[2024.03.18-10.24.18:336][  0]LogEditorSessionSummary: Verbose: Initializing EditorSessionSummaryWriter for editor session tracking
[2024.03.18-10.24.18:343][  0]LogEditorSessionSummary: EditorSessionSummaryWriter initialized
[2024.03.18-10.24.18:393][  0]LogInit: Transaction tracking system initialized
[2024.03.18-10.24.18:436][  0]BlueprintLog: New page: Editor Load
[2024.03.18-10.24.18:562][  0]LocalizationService: Localization service is disabled
[2024.03.18-10.24.18:612][  0]TimingProfiler: Initialize
[2024.03.18-10.24.18:613][  0]TimingProfiler: OnSessionChanged
[2024.03.18-10.24.18:613][  0]LoadingProfiler: Initialize
[2024.03.18-10.24.18:613][  0]LoadingProfiler: OnSessionChanged
[2024.03.18-10.24.18:613][  0]NetworkingProfiler: Initialize
[2024.03.18-10.24.18:613][  0]NetworkingProfiler: OnSessionChanged
[2024.03.18-10.24.18:613][  0]MemoryProfiler: Initialize
[2024.03.18-10.24.18:613][  0]MemoryProfiler: OnSessionChanged
[2024.03.18-10.24.19:082][  0]LogCook: Display: CookSettings for Memory: MemoryMaxUsedVirtual 0MiB, MemoryMaxUsedPhysical 16384MiB, MemoryMinFreeVirtual 0MiB, MemoryMinFreePhysical 1024MiB
[2024.03.18-10.24.19:082][  0]LogCook: Display: Mobile HDR setting 1
[2024.03.18-10.24.19:513][  0]LogFileCache: Scanning file cache for directory 'C:/Users/klaud/Documents/GitHub/BallRunner/BallRunner/Content/' took 0.04s
[2024.03.18-10.24.20:217][  0]LogInit: Display: Engine is initialized. Leaving FEngineLoop::Init()
[2024.03.18-10.24.20:225][  0]SourceControl: Source control is disabled
[2024.03.18-10.24.20:225][  0]LogUnrealEdMisc: Loading editor; pre map load, took 17.923
[2024.03.18-10.24.20:226][  0]Cmd: MAP LOAD FILE="../../../../../../Users/klaud/Documents/GitHub/BallRunner/BallRunner/Content/Maps/Level01.umap" TEMPLATE=0 SHOWPROGRESS=1 FEATURELEVEL=3
[2024.03.18-10.24.20:226][  0]LightingResults: New page: Lighting Build
[2024.03.18-10.24.20:229][  0]LogWorld: UWorld::CleanupWorld for Untitled, bSessionEnded=true, bCleanupResources=true
[2024.03.18-10.24.20:229][  0]LogSlate: InvalidateAllWidgets triggered.  All widgets were invalidated
[2024.03.18-10.24.20:229][  0]MapCheck: New page: Map Check
[2024.03.18-10.24.20:229][  0]LightingResults: New page: Lighting Build
[2024.03.18-10.24.20:315][  0]LogAudio: Display: Audio Device unregistered from world 'None'.
[2024.03.18-10.24.20:325][  0]LogUObjectHash: Compacting FUObjectHashTables data took   2.75ms
[2024.03.18-10.24.20:537][  0]LogAudio: Display: Audio Device (ID: 1) registered with world 'Level01'.
[2024.03.18-10.24.20:538][  0]LogAIModule: Creating AISystem for world Level01
[2024.03.18-10.24.20:579][  0]LogEditorServer: Finished looking for orphan Actors (0.000 secs)
[2024.03.18-10.24.20:625][  0]LogUObjectHash: Compacting FUObjectHashTables data took   1.97ms
[2024.03.18-10.24.20:626][  0]Cmd: MAP CHECKDEP NOCLEARLOG
[2024.03.18-10.24.20:626][  0]MapCheck: Map check complete: 0 Error(s), 0 Warning(s), took 0,404ms to complete.
[2024.03.18-10.24.20:626][  0]LogFileHelpers: Loading map 'Level01' took 0.400
[2024.03.18-10.24.20:629][  0]LogUnrealEdMisc: Total Editor Startup Time, took 18.327
[2024.03.18-10.24.20:993][  0]LogSlate: Updating window title bar state: overlay mode, drag disabled, window buttons hidden, title bar hidden
[2024.03.18-10.24.21:021][  0]LogSlate: Updating window title bar state: overlay mode, drag disabled, window buttons hidden, title bar hidden
[2024.03.18-10.24.21:047][  0]LogSlate: Updating window title bar state: overlay mode, drag disabled, window buttons hidden, title bar hidden
[2024.03.18-10.24.21:079][  0]LogSlate: Updating window title bar state: overlay mode, drag disabled, window buttons hidden, title bar hidden
[2024.03.18-10.24.21:203][  0]LogNativeClassHierarchy: Verbose: Native class hierarchy populated in 0.0361 seconds. Added 3822 classes and 928 folders.
[2024.03.18-10.24.21:229][  0]LogNativeClassHierarchy: Verbose: Native class hierarchy updated for 'WidgetCarousel' in 0.0008 seconds. Added 0 classes and 0 folders.
[2024.03.18-10.24.21:263][  0]LogPakFile: PakFile PrimaryIndexSize=187
[2024.03.18-10.24.21:263][  0]LogPakFile: PakFile PathHashIndexSize=101
[2024.03.18-10.24.21:263][  0]LogPakFile: PakFile FullDirectoryIndexSize=148
[2024.03.18-10.24.21:268][  0]LogShaderLibrary: Display: ShaderCodeLibraryPakFileMountedCallback: PakFile 'C:/Program Files/Epic Games/UE_4.27/FeaturePacks/FP_FirstPerson.upack' (chunk index -1, root 'root:/') mounted
[2024.03.18-10.24.21:268][  0]LogShaderLibrary: Display: ShaderCodeLibraryPakFileMountedCallback: pending pak file info (ChunkID:-1 Root:root:/ File:C:/Program Files/Epic Games/UE_4.27/FeaturePacks/FP_FirstPerson.upack)
[2024.03.18-10.24.21:269][  0]LogPakFile: OnPakFileMounted2Time == 0.006028
[2024.03.18-10.24.21:284][  0]LogPakFile: PakFile PrimaryIndexSize=189
[2024.03.18-10.24.21:284][  0]LogPakFile: PakFile PathHashIndexSize=101
[2024.03.18-10.24.21:284][  0]LogPakFile: PakFile FullDirectoryIndexSize=152
[2024.03.18-10.24.21:284][  0]LogShaderLibrary: Display: ShaderCodeLibraryPakFileMountedCallback: PakFile 'C:/Program Files/Epic Games/UE_4.27/FeaturePacks/FP_FirstPersonBP.upack' (chunk index -1, root 'root:/') mounted
[2024.03.18-10.24.21:284][  0]LogShaderLibrary: Display: ShaderCodeLibraryPakFileMountedCallback: pending pak file info (ChunkID:-1 Root:root:/ File:C:/Program Files/Epic Games/UE_4.27/FeaturePacks/FP_FirstPersonBP.upack)
[2024.03.18-10.24.21:284][  0]LogPakFile: OnPakFileMounted2Time == 0.000182
[2024.03.18-10.24.21:291][  0]LogPakFile: PakFile PrimaryIndexSize=191
[2024.03.18-10.24.21:291][  0]LogPakFile: PakFile PathHashIndexSize=101
[2024.03.18-10.24.21:292][  0]LogPakFile: PakFile FullDirectoryIndexSize=160
[2024.03.18-10.24.21:292][  0]LogShaderLibrary: Display: ShaderCodeLibraryPakFileMountedCallback: PakFile 'C:/Program Files/Epic Games/UE_4.27/FeaturePacks/MobileStarterContent.upack' (chunk index -1, root 'root:/') mounted
[2024.03.18-10.24.21:292][  0]LogShaderLibrary: Display: ShaderCodeLibraryPakFileMountedCallback: pending pak file info (ChunkID:-1 Root:root:/ File:C:/Program Files/Epic Games/UE_4.27/FeaturePacks/MobileStarterContent.upack)
[2024.03.18-10.24.21:292][  0]LogPakFile: OnPakFileMounted2Time == 0.000175
[2024.03.18-10.24.21:300][  0]LogPakFile: PakFile PrimaryIndexSize=185
[2024.03.18-10.24.21:300][  0]LogPakFile: PakFile PathHashIndexSize=101
[2024.03.18-10.24.21:300][  0]LogPakFile: PakFile FullDirectoryIndexSize=148
[2024.03.18-10.24.21:300][  0]LogShaderLibrary: Display: ShaderCodeLibraryPakFileMountedCallback: PakFile 'C:/Program Files/Epic Games/UE_4.27/FeaturePacks/StarterContent.upack' (chunk index -1, root 'root:/') mounted
[2024.03.18-10.24.21:300][  0]LogShaderLibrary: Display: ShaderCodeLibraryPakFileMountedCallback: pending pak file info (ChunkID:-1 Root:root:/ File:C:/Program Files/Epic Games/UE_4.27/FeaturePacks/StarterContent.upack)
[2024.03.18-10.24.21:300][  0]LogPakFile: OnPakFileMounted2Time == 0.000157
[2024.03.18-10.24.21:308][  0]LogPakFile: PakFile PrimaryIndexSize=190
[2024.03.18-10.24.21:308][  0]LogPakFile: PakFile PathHashIndexSize=101
[2024.03.18-10.24.21:308][  0]LogPakFile: PakFile FullDirectoryIndexSize=154
[2024.03.18-10.24.21:308][  0]LogShaderLibrary: Display: ShaderCodeLibraryPakFileMountedCallback: PakFile 'C:/Program Files/Epic Games/UE_4.27/FeaturePacks/TP_2DSideScroller.upack' (chunk index -1, root 'root:/') mounted
[2024.03.18-10.24.21:308][  0]LogShaderLibrary: Display: ShaderCodeLibraryPakFileMountedCallback: pending pak file info (ChunkID:-1 Root:root:/ File:C:/Program Files/Epic Games/UE_4.27/FeaturePacks/TP_2DSideScroller.upack)
[2024.03.18-10.24.21:308][  0]LogPakFile: OnPakFileMounted2Time == 0.000185
[2024.03.18-10.24.21:316][  0]LogPakFile: PakFile PrimaryIndexSize=192
[2024.03.18-10.24.21:316][  0]LogPakFile: PakFile PathHashIndexSize=101
[2024.03.18-10.24.21:316][  0]LogPakFile: PakFile FullDirectoryIndexSize=158
[2024.03.18-10.24.21:316][  0]LogShaderLibrary: Display: ShaderCodeLibraryPakFileMountedCallback: PakFile 'C:/Program Files/Epic Games/UE_4.27/FeaturePacks/TP_2DSideScrollerBP.upack' (chunk index -1, root 'root:/') mounted
[2024.03.18-10.24.21:316][  0]LogShaderLibrary: Display: ShaderCodeLibraryPakFileMountedCallback: pending pak file info (ChunkID:-1 Root:root:/ File:C:/Program Files/Epic Games/UE_4.27/FeaturePacks/TP_2DSideScrollerBP.upack)
[2024.03.18-10.24.21:316][  0]LogPakFile: OnPakFileMounted2Time == 0.000186
[2024.03.18-10.24.21:324][  0]LogPakFile: PakFile PrimaryIndexSize=182
[2024.03.18-10.24.21:324][  0]LogPakFile: PakFile PathHashIndexSize=101
[2024.03.18-10.24.21:324][  0]LogPakFile: PakFile FullDirectoryIndexSize=138
[2024.03.18-10.24.21:324][  0]LogShaderLibrary: Display: ShaderCodeLibraryPakFileMountedCallback: PakFile 'C:/Program Files/Epic Games/UE_4.27/FeaturePacks/TP_Flying.upack' (chunk index -1, root 'root:/') mounted
[2024.03.18-10.24.21:324][  0]LogShaderLibrary: Display: ShaderCodeLibraryPakFileMountedCallback: pending pak file info (ChunkID:-1 Root:root:/ File:C:/Program Files/Epic Games/UE_4.27/FeaturePacks/TP_Flying.upack)
[2024.03.18-10.24.21:324][  0]LogPakFile: OnPakFileMounted2Time == 0.000165
[2024.03.18-10.24.21:332][  0]LogPakFile: PakFile PrimaryIndexSize=184
[2024.03.18-10.24.21:332][  0]LogPakFile: PakFile PathHashIndexSize=101
[2024.03.18-10.24.21:332][  0]LogPakFile: PakFile FullDirectoryIndexSize=142
[2024.03.18-10.24.21:332][  0]LogShaderLibrary: Display: ShaderCodeLibraryPakFileMountedCallback: PakFile 'C:/Program Files/Epic Games/UE_4.27/FeaturePacks/TP_FlyingBP.upack' (chunk index -1, root 'root:/') mounted
[2024.03.18-10.24.21:332][  0]LogShaderLibrary: Display: ShaderCodeLibraryPakFileMountedCallback: pending pak file info (ChunkID:-1 Root:root:/ File:C:/Program Files/Epic Games/UE_4.27/FeaturePacks/TP_FlyingBP.upack)
[2024.03.18-10.24.21:332][  0]LogPakFile: OnPakFileMounted2Time == 0.000168
[2024.03.18-10.24.21:343][  0]LogPakFile: PakFile PrimaryIndexSize=188
[2024.03.18-10.24.21:343][  0]LogPakFile: PakFile PathHashIndexSize=101
[2024.03.18-10.24.21:343][  0]LogPakFile: PakFile FullDirectoryIndexSize=150
[2024.03.18-10.24.21:343][  0]LogShaderLibrary: Display: ShaderCodeLibraryPakFileMountedCallback: PakFile 'C:/Program Files/Epic Games/UE_4.27/FeaturePacks/TP_HandheldARBP.upack' (chunk index -1, root 'root:/') mounted
[2024.03.18-10.24.21:343][  0]LogShaderLibrary: Display: ShaderCodeLibraryPakFileMountedCallback: pending pak file info (ChunkID:-1 Root:root:/ File:C:/Program Files/Epic Games/UE_4.27/FeaturePacks/TP_HandheldARBP.upack)
[2024.03.18-10.24.21:344][  0]LogPakFile: OnPakFileMounted2Time == 0.000183
[2024.03.18-10.24.21:363][  0]LogPakFile: PakFile PrimaryIndexSize=182
[2024.03.18-10.24.21:363][  0]LogPakFile: PakFile PathHashIndexSize=101
[2024.03.18-10.24.21:363][  0]LogPakFile: PakFile FullDirectoryIndexSize=138
[2024.03.18-10.24.21:363][  0]LogShaderLibrary: Display: ShaderCodeLibraryPakFileMountedCallback: PakFile 'C:/Program Files/Epic Games/UE_4.27/FeaturePacks/TP_Puzzle.upack' (chunk index -1, root 'root:/') mounted
[2024.03.18-10.24.21:363][  0]LogShaderLibrary: Display: ShaderCodeLibraryPakFileMountedCallback: pending pak file info (ChunkID:-1 Root:root:/ File:C:/Program Files/Epic Games/UE_4.27/FeaturePacks/TP_Puzzle.upack)
[2024.03.18-10.24.21:363][  0]LogPakFile: OnPakFileMounted2Time == 0.000186
[2024.03.18-10.24.21:371][  0]LogPakFile: PakFile PrimaryIndexSize=184
[2024.03.18-10.24.21:371][  0]LogPakFile: PakFile PathHashIndexSize=101
[2024.03.18-10.24.21:371][  0]LogPakFile: PakFile FullDirectoryIndexSize=142
[2024.03.18-10.24.21:371][  0]LogShaderLibrary: Display: ShaderCodeLibraryPakFileMountedCallback: PakFile 'C:/Program Files/Epic Games/UE_4.27/FeaturePacks/TP_PuzzleBP.upack' (chunk index -1, root 'root:/') mounted
[2024.03.18-10.24.21:371][  0]LogShaderLibrary: Display: ShaderCodeLibraryPakFileMountedCallback: pending pak file info (ChunkID:-1 Root:root:/ File:C:/Program Files/Epic Games/UE_4.27/FeaturePacks/TP_PuzzleBP.upack)
[2024.03.18-10.24.21:371][  0]LogPakFile: OnPakFileMounted2Time == 0.000166
[2024.03.18-10.24.21:381][  0]LogPakFile: PakFile PrimaryIndexSize=183
[2024.03.18-10.24.21:381][  0]LogPakFile: PakFile PathHashIndexSize=101
[2024.03.18-10.24.21:381][  0]LogPakFile: PakFile FullDirectoryIndexSize=140
[2024.03.18-10.24.21:381][  0]LogShaderLibrary: Display: ShaderCodeLibraryPakFileMountedCallback: PakFile 'C:/Program Files/Epic Games/UE_4.27/FeaturePacks/TP_Rolling.upack' (chunk index -1, root 'root:/') mounted
[2024.03.18-10.24.21:381][  0]LogShaderLibrary: Display: ShaderCodeLibraryPakFileMountedCallback: pending pak file info (ChunkID:-1 Root:root:/ File:C:/Program Files/Epic Games/UE_4.27/FeaturePacks/TP_Rolling.upack)
[2024.03.18-10.24.21:381][  0]LogPakFile: OnPakFileMounted2Time == 0.000183
[2024.03.18-10.24.21:392][  0]LogPakFile: PakFile PrimaryIndexSize=185
[2024.03.18-10.24.21:392][  0]LogPakFile: PakFile PathHashIndexSize=101
[2024.03.18-10.24.21:392][  0]LogPakFile: PakFile FullDirectoryIndexSize=144
[2024.03.18-10.24.21:392][  0]LogShaderLibrary: Display: ShaderCodeLibraryPakFileMountedCallback: PakFile 'C:/Program Files/Epic Games/UE_4.27/FeaturePacks/TP_RollingBP.upack' (chunk index -1, root 'root:/') mounted
[2024.03.18-10.24.21:392][  0]LogShaderLibrary: Display: ShaderCodeLibraryPakFileMountedCallback: pending pak file info (ChunkID:-1 Root:root:/ File:C:/Program Files/Epic Games/UE_4.27/FeaturePacks/TP_RollingBP.upack)
[2024.03.18-10.24.21:392][  0]LogPakFile: OnPakFileMounted2Time == 0.000190
[2024.03.18-10.24.21:400][  0]LogPakFile: PakFile PrimaryIndexSize=188
[2024.03.18-10.24.21:400][  0]LogPakFile: PakFile PathHashIndexSize=101
[2024.03.18-10.24.21:400][  0]LogPakFile: PakFile FullDirectoryIndexSize=150
[2024.03.18-10.24.21:400][  0]LogShaderLibrary: Display: ShaderCodeLibraryPakFileMountedCallback: PakFile 'C:/Program Files/Epic Games/UE_4.27/FeaturePacks/TP_SideScroller.upack' (chunk index -1, root 'root:/') mounted
[2024.03.18-10.24.21:400][  0]LogShaderLibrary: Display: ShaderCodeLibraryPakFileMountedCallback: pending pak file info (ChunkID:-1 Root:root:/ File:C:/Program Files/Epic Games/UE_4.27/FeaturePacks/TP_SideScroller.upack)
[2024.03.18-10.24.21:400][  0]LogPakFile: OnPakFileMounted2Time == 0.000168
[2024.03.18-10.24.21:408][  0]LogPakFile: PakFile PrimaryIndexSize=190
[2024.03.18-10.24.21:408][  0]LogPakFile: PakFile PathHashIndexSize=101
[2024.03.18-10.24.21:408][  0]LogPakFile: PakFile FullDirectoryIndexSize=154
[2024.03.18-10.24.21:408][  0]LogShaderLibrary: Display: ShaderCodeLibraryPakFileMountedCallback: PakFile 'C:/Program Files/Epic Games/UE_4.27/FeaturePacks/TP_SideScrollerBP.upack' (chunk index -1, root 'root:/') mounted
[2024.03.18-10.24.21:408][  0]LogShaderLibrary: Display: ShaderCodeLibraryPakFileMountedCallback: pending pak file info (ChunkID:-1 Root:root:/ File:C:/Program Files/Epic Games/UE_4.27/FeaturePacks/TP_SideScrollerBP.upack)
[2024.03.18-10.24.21:408][  0]LogPakFile: OnPakFileMounted2Time == 0.000191
[2024.03.18-10.24.21:418][  0]LogPakFile: PakFile PrimaryIndexSize=187
[2024.03.18-10.24.21:418][  0]LogPakFile: PakFile PathHashIndexSize=101
[2024.03.18-10.24.21:418][  0]LogPakFile: PakFile FullDirectoryIndexSize=148
[2024.03.18-10.24.21:418][  0]LogShaderLibrary: Display: ShaderCodeLibraryPakFileMountedCallback: PakFile 'C:/Program Files/Epic Games/UE_4.27/FeaturePacks/TP_ThirdPerson.upack' (chunk index -1, root 'root:/') mounted
[2024.03.18-10.24.21:418][  0]LogShaderLibrary: Display: ShaderCodeLibraryPakFileMountedCallback: pending pak file info (ChunkID:-1 Root:root:/ File:C:/Program Files/Epic Games/UE_4.27/FeaturePacks/TP_ThirdPerson.upack)
[2024.03.18-10.24.21:418][  0]LogPakFile: OnPakFileMounted2Time == 0.000168
[2024.03.18-10.24.21:430][  0]LogPakFile: PakFile PrimaryIndexSize=189
[2024.03.18-10.24.21:430][  0]LogPakFile: PakFile PathHashIndexSize=101
[2024.03.18-10.24.21:430][  0]LogPakFile: PakFile FullDirectoryIndexSize=152
[2024.03.18-10.24.21:430][  0]LogShaderLibrary: Display: ShaderCodeLibraryPakFileMountedCallback: PakFile 'C:/Program Files/Epic Games/UE_4.27/FeaturePacks/TP_ThirdPersonBP.upack' (chunk index -1, root 'root:/') mounted
[2024.03.18-10.24.21:430][  0]LogShaderLibrary: Display: ShaderCodeLibraryPakFileMountedCallback: pending pak file info (ChunkID:-1 Root:root:/ File:C:/Program Files/Epic Games/UE_4.27/FeaturePacks/TP_ThirdPersonBP.upack)
[2024.03.18-10.24.21:430][  0]LogPakFile: OnPakFileMounted2Time == 0.000164
[2024.03.18-10.24.21:440][  0]LogPakFile: PakFile PrimaryIndexSize=183
[2024.03.18-10.24.21:440][  0]LogPakFile: PakFile PathHashIndexSize=101
[2024.03.18-10.24.21:440][  0]LogPakFile: PakFile FullDirectoryIndexSize=140
[2024.03.18-10.24.21:440][  0]LogShaderLibrary: Display: ShaderCodeLibraryPakFileMountedCallback: PakFile 'C:/Program Files/Epic Games/UE_4.27/FeaturePacks/TP_TopDown.upack' (chunk index -1, root 'root:/') mounted
[2024.03.18-10.24.21:440][  0]LogShaderLibrary: Display: ShaderCodeLibraryPakFileMountedCallback: pending pak file info (ChunkID:-1 Root:root:/ File:C:/Program Files/Epic Games/UE_4.27/FeaturePacks/TP_TopDown.upack)
[2024.03.18-10.24.21:440][  0]LogPakFile: OnPakFileMounted2Time == 0.000205
[2024.03.18-10.24.21:451][  0]LogPakFile: PakFile PrimaryIndexSize=185
[2024.03.18-10.24.21:451][  0]LogPakFile: PakFile PathHashIndexSize=101
[2024.03.18-10.24.21:451][  0]LogPakFile: PakFile FullDirectoryIndexSize=144
[2024.03.18-10.24.21:451][  0]LogShaderLibrary: Display: ShaderCodeLibraryPakFileMountedCallback: PakFile 'C:/Program Files/Epic Games/UE_4.27/FeaturePacks/TP_TopDownBP.upack' (chunk index -1, root 'root:/') mounted
[2024.03.18-10.24.21:451][  0]LogShaderLibrary: Display: ShaderCodeLibraryPakFileMountedCallback: pending pak file info (ChunkID:-1 Root:root:/ File:C:/Program Files/Epic Games/UE_4.27/FeaturePacks/TP_TopDownBP.upack)
[2024.03.18-10.24.21:451][  0]LogPakFile: OnPakFileMounted2Time == 0.000181
[2024.03.18-10.24.21:461][  0]LogPakFile: PakFile PrimaryIndexSize=185
[2024.03.18-10.24.21:461][  0]LogPakFile: PakFile PathHashIndexSize=101
[2024.03.18-10.24.21:462][  0]LogPakFile: PakFile FullDirectoryIndexSize=144
[2024.03.18-10.24.21:462][  0]LogShaderLibrary: Display: ShaderCodeLibraryPakFileMountedCallback: PakFile 'C:/Program Files/Epic Games/UE_4.27/FeaturePacks/TP_TwinStick.upack' (chunk index -1, root 'root:/') mounted
[2024.03.18-10.24.21:462][  0]LogShaderLibrary: Display: ShaderCodeLibraryPakFileMountedCallback: pending pak file info (ChunkID:-1 Root:root:/ File:C:/Program Files/Epic Games/UE_4.27/FeaturePacks/TP_TwinStick.upack)
[2024.03.18-10.24.21:462][  0]LogPakFile: OnPakFileMounted2Time == 0.000266
[2024.03.18-10.24.21:472][  0]LogPakFile: PakFile PrimaryIndexSize=187
[2024.03.18-10.24.21:472][  0]LogPakFile: PakFile PathHashIndexSize=101
[2024.03.18-10.24.21:472][  0]LogPakFile: PakFile FullDirectoryIndexSize=148
[2024.03.18-10.24.21:472][  0]LogShaderLibrary: Display: ShaderCodeLibraryPakFileMountedCallback: PakFile 'C:/Program Files/Epic Games/UE_4.27/FeaturePacks/TP_TwinStickBP.upack' (chunk index -1, root 'root:/') mounted
[2024.03.18-10.24.21:473][  0]LogShaderLibrary: Display: ShaderCodeLibraryPakFileMountedCallback: pending pak file info (ChunkID:-1 Root:root:/ File:C:/Program Files/Epic Games/UE_4.27/FeaturePacks/TP_TwinStickBP.upack)
[2024.03.18-10.24.21:473][  0]LogPakFile: OnPakFileMounted2Time == 0.000238
[2024.03.18-10.24.21:484][  0]LogPakFile: PakFile PrimaryIndexSize=183
[2024.03.18-10.24.21:484][  0]LogPakFile: PakFile PathHashIndexSize=101
[2024.03.18-10.24.21:484][  0]LogPakFile: PakFile FullDirectoryIndexSize=140
[2024.03.18-10.24.21:484][  0]LogShaderLibrary: Display: ShaderCodeLibraryPakFileMountedCallback: PakFile 'C:/Program Files/Epic Games/UE_4.27/FeaturePacks/TP_Vehicle.upack' (chunk index -1, root 'root:/') mounted
[2024.03.18-10.24.21:484][  0]LogShaderLibrary: Display: ShaderCodeLibraryPakFileMountedCallback: pending pak file info (ChunkID:-1 Root:root:/ File:C:/Program Files/Epic Games/UE_4.27/FeaturePacks/TP_Vehicle.upack)
[2024.03.18-10.24.21:484][  0]LogPakFile: OnPakFileMounted2Time == 0.000167
[2024.03.18-10.24.21:494][  0]LogPakFile: PakFile PrimaryIndexSize=186
[2024.03.18-10.24.21:494][  0]LogPakFile: PakFile PathHashIndexSize=101
[2024.03.18-10.24.21:495][  0]LogPakFile: PakFile FullDirectoryIndexSize=146
[2024.03.18-10.24.21:495][  0]LogShaderLibrary: Display: ShaderCodeLibraryPakFileMountedCallback: PakFile 'C:/Program Files/Epic Games/UE_4.27/FeaturePacks/TP_VehicleAdv.upack' (chunk index -1, root 'root:/') mounted
[2024.03.18-10.24.21:495][  0]LogShaderLibrary: Display: ShaderCodeLibraryPakFileMountedCallback: pending pak file info (ChunkID:-1 Root:root:/ File:C:/Program Files/Epic Games/UE_4.27/FeaturePacks/TP_VehicleAdv.upack)
[2024.03.18-10.24.21:495][  0]LogPakFile: OnPakFileMounted2Time == 0.000183
[2024.03.18-10.24.21:506][  0]LogPakFile: PakFile PrimaryIndexSize=188
[2024.03.18-10.24.21:506][  0]LogPakFile: PakFile PathHashIndexSize=101
[2024.03.18-10.24.21:506][  0]LogPakFile: PakFile FullDirectoryIndexSize=150
[2024.03.18-10.24.21:506][  0]LogShaderLibrary: Display: ShaderCodeLibraryPakFileMountedCallback: PakFile 'C:/Program Files/Epic Games/UE_4.27/FeaturePacks/TP_VehicleAdvBP.upack' (chunk index -1, root 'root:/') mounted
[2024.03.18-10.24.21:506][  0]LogShaderLibrary: Display: ShaderCodeLibraryPakFileMountedCallback: pending pak file info (ChunkID:-1 Root:root:/ File:C:/Program Files/Epic Games/UE_4.27/FeaturePacks/TP_VehicleAdvBP.upack)
[2024.03.18-10.24.21:506][  0]LogPakFile: OnPakFileMounted2Time == 0.000169
[2024.03.18-10.24.21:517][  0]LogPakFile: PakFile PrimaryIndexSize=185
[2024.03.18-10.24.21:518][  0]LogPakFile: PakFile PathHashIndexSize=101
[2024.03.18-10.24.21:518][  0]LogPakFile: PakFile FullDirectoryIndexSize=144
[2024.03.18-10.24.21:518][  0]LogShaderLibrary: Display: ShaderCodeLibraryPakFileMountedCallback: PakFile 'C:/Program Files/Epic Games/UE_4.27/FeaturePacks/TP_VehicleBP.upack' (chunk index -1, root 'root:/') mounted
[2024.03.18-10.24.21:518][  0]LogShaderLibrary: Display: ShaderCodeLibraryPakFileMountedCallback: pending pak file info (ChunkID:-1 Root:root:/ File:C:/Program Files/Epic Games/UE_4.27/FeaturePacks/TP_VehicleBP.upack)
[2024.03.18-10.24.21:518][  0]LogPakFile: OnPakFileMounted2Time == 0.000164
[2024.03.18-10.24.21:528][  0]LogPakFile: PakFile PrimaryIndexSize=192
[2024.03.18-10.24.21:528][  0]LogPakFile: PakFile PathHashIndexSize=101
[2024.03.18-10.24.21:529][  0]LogPakFile: PakFile FullDirectoryIndexSize=158
[2024.03.18-10.24.21:529][  0]LogShaderLibrary: Display: ShaderCodeLibraryPakFileMountedCallback: PakFile 'C:/Program Files/Epic Games/UE_4.27/FeaturePacks/TP_VirtualRealityBP.upack' (chunk index -1, root 'root:/') mounted
[2024.03.18-10.24.21:529][  0]LogShaderLibrary: Display: ShaderCodeLibraryPakFileMountedCallback: pending pak file info (ChunkID:-1 Root:root:/ File:C:/Program Files/Epic Games/UE_4.27/FeaturePacks/TP_VirtualRealityBP.upack)
[2024.03.18-10.24.21:529][  0]LogPakFile: OnPakFileMounted2Time == 0.000167
[2024.03.18-10.24.21:938][  0]LogNativeClassHierarchy: Verbose: Native class hierarchy updated for 'AddContentDialog' in 0.0004 seconds. Added 0 classes and 0 folders.
[2024.03.18-10.24.21:946][  0]LogNativeClassHierarchy: Verbose: Native class hierarchy updated for 'SceneOutliner' in 0.0005 seconds. Added 2 classes and 0 folders.
[2024.03.18-10.24.22:088][  0]LogSlate: Took 0.000318 seconds to synchronously load lazily loaded font '../../../Engine/Content/Slate/Fonts/Roboto-Regular.ttf' (155K)
[2024.03.18-10.24.22:094][  0]LogSlate: Took 0.004066 seconds to synchronously load lazily loaded font '../../../Engine/Content/Editor/Slate/Fonts/FontAwesome.ttf' (139K)
[2024.03.18-10.24.22:097][  0]LogSlate: Took 0.000349 seconds to synchronously load lazily loaded font '../../../Engine/Content/Slate/Fonts/Roboto-Bold.ttf' (160K)
[2024.03.18-10.24.22:351][  0]LogRenderer: Reallocating scene render targets to support 820x412 Format 10 NumSamples 1 (Frame:1).
[2024.03.18-10.24.22:722][  0]LogNativeClassHierarchy: Verbose: Native class hierarchy updated for 'HierarchicalLODOutliner' in 0.0009 seconds. Added 0 classes and 0 folders.
[2024.03.18-10.24.22:722][  0]LogLoad: (Engine Initialization) Total time: 20.42 seconds
[2024.03.18-10.24.22:722][  0]LogLoad: (Engine Initialization) Total Blueprint compile time: 0.00 seconds
[2024.03.18-10.24.22:817][  0]LogContentStreaming: Texture pool size now 1000 MB
[2024.03.18-10.24.22:856][  1]LogAssetRegistry: Asset discovery search completed in 11.9410 seconds
[2024.03.18-10.24.22:873][  1]LogCollectionManager: Fixed up redirectors for 0 collections in 0.000007 seconds (updated 0 objects)
[2024.03.18-10.24.22:949][  2]LogSlate: Took 0.003476 seconds to synchronously load lazily loaded font '../../../Engine/Content/Slate/Fonts/Roboto-Light.ttf' (167K)
[2024.03.18-10.24.29:028][ 89]LogRenderer: Reallocating scene render targets to support 1152x628 Format 10 NumSamples 1 (Frame:90).
